#
# A fatal error has been detected by the Java Runtime Environment:
#
#  EXCEPTION_ACCESS_VIOLATION (0xc0000005) at pc=0x00007fff303b81b4, pid=9252, tid=1232
#
# JRE version: OpenJDK Runtime Environment (11.0.10) (build 11.0.10+0-b96-7249189)
# Java VM: OpenJDK 64-Bit Server VM (11.0.10+0-b96-7249189, mixed mode, tiered, compressed oops, g1 gc, windows-amd64)
# Problematic frame:
# V  [jvm.dll+0x2c81b4]
#
# No core dump will be written. Minidumps are not enabled by default on client versions of Windows
#
# If you would like to submit a bug report, please visit:
#   https://bugreport.java.com/bugreport/crash.jsp
#

---------------  S U M M A R Y ------------

Command Line: --add-opens=java.base/java.util=ALL-UNNAMED --add-opens=java.base/java.lang=ALL-UNNAMED --add-opens=java.base/java.lang.invoke=ALL-UNNAMED --add-opens=java.base/java.util=ALL-UNNAMED --add-opens=java.prefs/java.util.prefs=ALL-UNNAMED --add-opens=java.prefs/java.util.prefs=ALL-UNNAMED --add-opens=java.base/java.nio.charset=ALL-UNNAMED --add-opens=java.base/java.net=ALL-UNNAMED --add-opens=java.base/java.util.concurrent.atomic=ALL-UNNAMED -Xmx2048m -Dfile.encoding=UTF-8 -Duser.country=US -Duser.language=en -Duser.variant org.gradle.launcher.daemon.bootstrap.GradleDaemon 7.0.2

Host: Intel(R) Celeron(R) N4000 CPU @ 1.10GHz, 2 cores, 3G,  Windows 10 , 64 bit Build 19041 (10.0.19041.1202)
Time: Mon Oct 18 22:07:38 2021 Eastern Daylight Time elapsed time: 3709.714857 seconds (0d 1h 1m 49s)

---------------  T H R E A D  ---------------

Current thread (0x0000015c3e560000):  JavaThread "C2 CompilerThread0" daemon [_thread_in_native, id=1232, stack(0x0000002becb00000,0x0000002becc00000)]


Current CompileTask:
C2:3709715 19724   !   4       java.net.URL::<init> (543 bytes)

Stack: [0x0000002becb00000,0x0000002becc00000],  sp=0x0000002becbfaa18,  free space=1002k
Native frames: (J=compiled Java code, j=interpreted, Vv=VM code, C=native code)
V  [jvm.dll+0x2c81b4]
C  0x0000015c40f37dd0


siginfo: EXCEPTION_ACCESS_VIOLATION (0xc0000005), reading address 0x00000007ffffffcc


Register to memory mapping:

RIP=0x00007fff303b81b4 jvm.dll
RAX=0x0000000800000004 is an unknown value
RBX=0x0000015c49f10de8 points into unknown readable memory: 0x00007fff308e8f40 | 40 8f 8e 30 ff 7f 00 00
RCX=0x0000000000000f08 is an unknown value
RDX=0x0000015c404f3730 points into unknown readable memory: 0x0000000000000000 | 00 00 00 00 00 00 00 00
RSP=0x0000002becbfaa18 is pointing into the stack for thread: 0x0000015c3e560000
RBP=0x0000000000000018 is an unknown value
RSI=0x0000000000000a85 is an unknown value
RDI=0x0000002becbfaf50 is pointing into the stack for thread: 0x0000015c3e560000
R8 =0x000000000000005e is an unknown value
R9 =0x0000002becbfaf50 is pointing into the stack for thread: 0x0000015c3e560000
R10=0x0000015c3e65ba18 is pointing into metadata
R11=0x0000015c3f221b80 points into unknown readable memory: 0x0000015c4355b8e8 | e8 b8 55 43 5c 01 00 00
R12=0x0000002becbfab18 is pointing into the stack for thread: 0x0000015c3e560000
R13=0x0000002becbfaaf0 is pointing into the stack for thread: 0x0000015c3e560000
R14=0x0000015c49f10d70 points into unknown readable memory: 0x00007fff308eb9c0 | c0 b9 8e 30 ff 7f 00 00
R15=0x0000015c49f10d70 points into unknown readable memory: 0x00007fff308eb9c0 | c0 b9 8e 30 ff 7f 00 00


Registers:
RAX=0x0000000800000004, RBX=0x0000015c49f10de8, RCX=0x0000000000000f08, RDX=0x0000015c404f3730
RSP=0x0000002becbfaa18, RBP=0x0000000000000018, RSI=0x0000000000000a85, RDI=0x0000002becbfaf50
R8 =0x000000000000005e, R9 =0x0000002becbfaf50, R10=0x0000015c3e65ba18, R11=0x0000015c3f221b80
R12=0x0000002becbfab18, R13=0x0000002becbfaaf0, R14=0x0000015c49f10d70, R15=0x0000015c49f10d70
RIP=0x00007fff303b81b4, EFLAGS=0x0000000000010202

Top of Stack: (sp=0x0000002becbfaa18)
0x0000002becbfaa18:   00007fff305f7265 0000015c49f10de8
0x0000002becbfaa28:   0000000000000a85 0000015c40f376e0
0x0000002becbfaa38:   000000000000001c 0000015c40f37dd0
0x0000002becbfaa48:   0000000000000001 0000002becbfab80
0x0000002becbfaa58:   00007fff305f6e28 0000015c49f10de8
0x0000002becbfaa68:   0000000000000018 0000000000000a83
0x0000002becbfaa78:   0000002becbfab18 0000002becbfb928
0x0000002becbfaa88:   00007fff306bc470 0000015c3e55a690
0x0000002becbfaa98:   000000000000000c 0000015c4557e3d0
0x0000002becbfaaa8:   0000002becbfabd0 0000000000000000
0x0000002becbfaab8:   0000000000000002 0000002becbfaf50
0x0000002becbfaac8:   00007fff305f6347 0000002becbfaf50
0x0000002becbfaad8:   0000000000000001 0000000000000001
0x0000002becbfaae8:   0000002becbfab80 0000015c3e55a690
0x0000002becbfaaf8:   0000000000001000 0000015c482c5730
0x0000002becbfab08:   0000000000000a86 0000015c0000000c 

Instructions: (pc=0x00007fff303b81b4)
0x00007fff303b80b4:   4c 8b 40 f0 4d 85 c0 75 03 4c 8b 01 48 63 c2 49
0x00007fff303b80c4:   8d 04 c0 c3 cc cc cc cc cc cc cc cc 48 8b 05 b9
0x00007fff303b80d4:   49 72 00 48 8b 51 08 48 85 c0 74 18 48 8b 48 08
0x00007fff303b80e4:   48 3b ca 77 0f 48 63 40 14 48 03 c1 48 3b d0 73
0x00007fff303b80f4:   03 b0 01 c3 32 c0 c3 cc cc cc cc cc 48 89 5c 24
0x00007fff303b8104:   10 56 48 83 ec 20 48 8b d9 48 8b f2 48 8b 49 20
0x00007fff303b8114:   48 85 c9 0f 84 cd 00 00 00 f6 c1 07 0f 85 c4 00
0x00007fff303b8124:   00 00 4c 8b 03 4d 85 c0 0f 84 b8 00 00 00 41 f6
0x00007fff303b8134:   c0 07 0f 85 ae 00 00 00 48 8d 41 b8 49 3b c0 0f
0x00007fff303b8144:   82 a1 00 00 00 49 3b c8 0f 86 98 00 00 00 48 89
0x00007fff303b8154:   7c 24 30 48 8b 79 e8 48 8b cf e8 5d b4 2d 00 84
0x00007fff303b8164:   c0 74 71 48 8b 47 08 48 8b 53 20 48 2b 53 28 48
0x00007fff303b8174:   c1 fa 03 0f b7 48 30 48 8d 0c cd 08 04 00 00 48
0x00007fff303b8184:   3b d1 7f 50 48 8b cb e8 c0 e4 ff ff 48 8b d0 48
0x00007fff303b8194:   8b cf e8 25 e0 2d 00 85 c0 78 39 48 8b 43 20 48
0x00007fff303b81a4:   8b 48 d0 e8 c4 b9 de ff 84 c0 74 28 48 8b 43 20
0x00007fff303b81b4:   48 8b 48 c8 48 3b 8e 90 02 00 00 77 17 48 3b c8
0x00007fff303b81c4:   72 12 b0 01 48 8b 7c 24 30 48 8b 5c 24 38 48 83
0x00007fff303b81d4:   c4 20 5e c3 32 c0 48 8b 7c 24 30 48 8b 5c 24 38
0x00007fff303b81e4:   48 83 c4 20 5e c3 32 c0 48 8b 5c 24 38 48 83 c4
0x00007fff303b81f4:   20 5e c3 cc cc cc cc cc cc cc cc cc 48 8b 01 48
0x00007fff303b8204:   8b d1 48 85 c0 74 1c 48 8b 01 48 85 c0 74 09 48
0x00007fff303b8214:   8b 41 08 48 85 c0 75 0b 48 8b 01 48 8b 48 f8 48
0x00007fff303b8224:   89 4a 08 c3 cc cc cc cc cc cc cc cc 48 89 5c 24
0x00007fff303b8234:   08 57 48 83 ec 20 48 8b 01 48 8b d9 49 8b c8 49
0x00007fff303b8244:   8b f8 4c 89 40 f8 e8 41 4d f1 ff 48 8b cb 48 89
0x00007fff303b8254:   43 10 e8 55 fc ff ff 48 85 c0 74 12 c7 43 18 01
0x00007fff303b8264:   00 00 00 48 8b 5c 24 30 48 83 c4 20 5f c3 c7 43
0x00007fff303b8274:   18 00 00 00 00 48 89 7b 08 48 8b 5c 24 30 48 83
0x00007fff303b8284:   c4 20 5f c3 cc cc cc cc cc cc cc cc 48 8b 41 10
0x00007fff303b8294:   48 85 c0 74 11 48 63 50 1c 85 d2 7e 09 48 8b 41
0x00007fff303b82a4:   28 48 8d 04 d0 c3 48 8b 41 20 c3 cc 48 89 5c 24 


Stack slot to memory mapping:
stack at sp + 0 slots: 0x00007fff305f7265 jvm.dll
stack at sp + 1 slots: 0x0000015c49f10de8 points into unknown readable memory: 0x00007fff308e8f40 | 40 8f 8e 30 ff 7f 00 00
stack at sp + 2 slots: 0x0000000000000a85 is an unknown value
stack at sp + 3 slots: 0x0000015c40f376e0 points into unknown readable memory: 0x00007fff308d4288 | 88 42 8d 30 ff 7f 00 00
stack at sp + 4 slots: 0x000000000000001c is an unknown value
stack at sp + 5 slots: 0x0000015c40f37dd0 points into unknown readable memory: 0x00007fff30947d78 | 78 7d 94 30 ff 7f 00 00
stack at sp + 6 slots: 0x0000000000000001 is an unknown value
stack at sp + 7 slots: 0x0000002becbfab80 is pointing into the stack for thread: 0x0000015c3e560000


---------------  P R O C E S S  ---------------

Threads class SMR info:
_java_thread_list=0x0000015c47e062c0, length=47, elements={
0x0000015c22e4b800, 0x0000015c3e4fd800, 0x0000015c3e509800, 0x0000015c3e558800,
0x0000015c3e55b000, 0x0000015c3e55c000, 0x0000015c3e560000, 0x0000015c3e582800,
0x0000015c3e587800, 0x0000015c3efcd800, 0x0000015c40cac800, 0x0000015c4012d800,
0x0000015c4020f800, 0x0000015c40a33800, 0x0000015c40a3a000, 0x0000015c40a35000,
0x0000015c40a36800, 0x0000015c40a36000, 0x0000015c40a38800, 0x0000015c40a39000,
0x0000015c40e25000, 0x0000015c40e2a800, 0x0000015c40e29000, 0x0000015c439bc800,
0x0000015c439b8800, 0x0000015c439bb800, 0x0000015c439bd000, 0x0000015c439ba800,
0x0000015c439bf000, 0x0000015c439b9000, 0x0000015c439c0800, 0x0000015c439c3800,
0x0000015c439c4800, 0x0000015c439c5800, 0x0000015c439bf800, 0x0000015c439c3000,
0x0000015c439c6000, 0x0000015c439c7000, 0x0000015c439c1800, 0x0000015c439c2000,
0x0000015c40e27800, 0x0000015c40e2a000, 0x0000015c40e25800, 0x0000015c40e26800,
0x0000015c40e2f800, 0x0000015c40e32000, 0x0000015c40e33000
}

Java Threads: ( => current thread )
  0x0000015c22e4b800 JavaThread "main" [_thread_blocked, id=12464, stack(0x0000002bebf00000,0x0000002bec000000)]
  0x0000015c3e4fd800 JavaThread "Reference Handler" daemon [_thread_blocked, id=7204, stack(0x0000002bec600000,0x0000002bec700000)]
  0x0000015c3e509800 JavaThread "Finalizer" daemon [_thread_blocked, id=5456, stack(0x0000002bec700000,0x0000002bec800000)]
  0x0000015c3e558800 JavaThread "Signal Dispatcher" daemon [_thread_blocked, id=9544, stack(0x0000002bec800000,0x0000002bec900000)]
  0x0000015c3e55b000 JavaThread "Attach Listener" daemon [_thread_blocked, id=12472, stack(0x0000002bec900000,0x0000002beca00000)]
  0x0000015c3e55c000 JavaThread "Service Thread" daemon [_thread_blocked, id=6036, stack(0x0000002beca00000,0x0000002becb00000)]
=>0x0000015c3e560000 JavaThread "C2 CompilerThread0" daemon [_thread_in_native, id=1232, stack(0x0000002becb00000,0x0000002becc00000)]
  0x0000015c3e582800 JavaThread "C1 CompilerThread0" daemon [_thread_blocked, id=7700, stack(0x0000002becc00000,0x0000002becd00000)]
  0x0000015c3e587800 JavaThread "Sweeper thread" daemon [_thread_blocked, id=8504, stack(0x0000002becd00000,0x0000002bece00000)]
  0x0000015c3efcd800 JavaThread "Common-Cleaner" daemon [_thread_blocked, id=13520, stack(0x0000002bece00000,0x0000002becf00000)]
  0x0000015c40cac800 JavaThread "Daemon health stats" [_thread_blocked, id=11796, stack(0x0000002bed100000,0x0000002bed200000)]
  0x0000015c4012d800 JavaThread "Incoming local TCP Connector on port 65182" [_thread_in_native, id=13616, stack(0x0000002bed200000,0x0000002bed300000)]
  0x0000015c4020f800 JavaThread "Daemon periodic checks" [_thread_blocked, id=7076, stack(0x0000002bed400000,0x0000002bed500000)]
  0x0000015c40a33800 JavaThread "Cache worker for file hash cache (C:\Users\antho\.gradle\caches\7.0.2\fileHashes)" [_thread_blocked, id=3368, stack(0x0000002bedb00000,0x0000002bedc00000)]
  0x0000015c40a3a000 JavaThread "File lock request listener" [_thread_in_native, id=8136, stack(0x0000002bedc00000,0x0000002bedd00000)]
  0x0000015c40a35000 JavaThread "Cache worker for journal cache (C:\Users\antho\.gradle\caches\journal-1)" [_thread_blocked, id=3904, stack(0x0000002bedd00000,0x0000002bede00000)]
  0x0000015c40a36800 JavaThread "File watcher server" daemon [_thread_in_native, id=12816, stack(0x0000002bedf00000,0x0000002bee000000)]
  0x0000015c40a36000 JavaThread "File watcher consumer" daemon [_thread_blocked, id=13496, stack(0x0000002bee000000,0x0000002bee100000)]
  0x0000015c40a38800 JavaThread "jar transforms" [_thread_blocked, id=13212, stack(0x0000002bee100000,0x0000002bee200000)]
  0x0000015c40a39000 JavaThread "jar transforms Thread 2" [_thread_blocked, id=3092, stack(0x0000002bee200000,0x0000002bee300000)]
  0x0000015c40e25000 JavaThread "Cache worker for execution history cache (C:\Users\antho\.gradle\caches\7.0.2\executionHistory)" [_thread_blocked, id=11108, stack(0x0000002bee600000,0x0000002bee700000)]
  0x0000015c40e2a800 JavaThread "Cache worker for file content cache (C:\Users\antho\.gradle\caches\7.0.2\fileContent)" [_thread_blocked, id=8764, stack(0x0000002bee700000,0x0000002bee800000)]
  0x0000015c40e29000 JavaThread "Memory manager" [_thread_blocked, id=14248, stack(0x0000002beee00000,0x0000002beef00000)]
  0x0000015c439bc800 JavaThread "Daemon Thread 3" [_thread_blocked, id=13244, stack(0x0000002bebd00000,0x0000002bebe00000)]
  0x0000015c439b8800 JavaThread "Handler for socket connection from /127.0.0.1:65182 to /127.0.0.1:53104" [_thread_in_native, id=13448, stack(0x0000002bebe00000,0x0000002bebf00000)]
  0x0000015c439bb800 JavaThread "Cancel handler" [_thread_blocked, id=13252, stack(0x0000002bed300000,0x0000002bed400000)]
  0x0000015c439bd000 JavaThread "Daemon worker Thread 3" [_thread_blocked, id=5932, stack(0x0000002bed500000,0x0000002bed600000)]
  0x0000015c439ba800 JavaThread "Asynchronous log dispatcher for DefaultDaemonConnection: socket connection from /127.0.0.1:65182 to /127.0.0.1:53104" [_thread_blocked, id=10144, stack(0x0000002bed600000,0x0000002bed700000)]
  0x0000015c439bf000 JavaThread "Daemon client event forwarder" [_thread_blocked, id=10128, stack(0x0000002bed800000,0x0000002bed900000)]
  0x0000015c439b9000 JavaThread "Cache worker for file hash cache (C:\Users\antho\AndroidStudioProjects\fliks\.gradle\7.0.2\fileHashes)" [_thread_blocked, id=13088, stack(0x0000002bed900000,0x0000002beda00000)]
  0x0000015c439c0800 JavaThread "Cache worker for checksums cache (C:\Users\antho\AndroidStudioProjects\fliks\.gradle\checksums)" [_thread_blocked, id=9024, stack(0x0000002beda00000,0x0000002bedb00000)]
  0x0000015c439c3800 JavaThread "Cache worker for cache directory md-supplier (C:\Users\antho\.gradle\caches\7.0.2\md-supplier)" [_thread_blocked, id=6240, stack(0x0000002bede00000,0x0000002bedf00000)]
  0x0000015c439c4800 JavaThread "Cache worker for cache directory md-rule (C:\Users\antho\.gradle\caches\7.0.2\md-rule)" [_thread_blocked, id=2660, stack(0x0000002bee300000,0x0000002bee400000)]
  0x0000015c439c5800 JavaThread "Cache worker for dependencies-accessors (C:\Users\antho\AndroidStudioProjects\fliks\.gradle\7.0.2\dependencies-accessors)" [_thread_blocked, id=13620, stack(0x0000002bee400000,0x0000002bee500000)]
  0x0000015c439bf800 JavaThread "Cache worker for Build Output Cleanup Cache (C:\Users\antho\AndroidStudioProjects\fliks\.gradle\buildOutputCleanup)" [_thread_blocked, id=11180, stack(0x0000002bee500000,0x0000002bee600000)]
  0x0000015c439c3000 JavaThread "Build operations" [_thread_blocked, id=7356, stack(0x0000002bee800000,0x0000002bee900000)]
  0x0000015c439c6000 JavaThread "Build operations Thread 2" [_thread_blocked, id=11772, stack(0x0000002bee900000,0x0000002beea00000)]
  0x0000015c439c7000 JavaThread "build event listener" [_thread_blocked, id=9776, stack(0x0000002beea00000,0x0000002beeb00000)]
  0x0000015c439c1800 JavaThread "Execution worker for ':'" [_thread_in_native, id=10784, stack(0x0000002beeb00000,0x0000002beec00000)]
  0x0000015c439c2000 JavaThread "Cache worker for execution history cache (C:\Users\antho\AndroidStudioProjects\fliks\.gradle\7.0.2\executionHistory)" [_thread_blocked, id=8488, stack(0x0000002beec00000,0x0000002beed00000)]
  0x0000015c40e27800 JavaThread "WorkerExecutor Queue" [_thread_in_vm, id=12208, stack(0x0000002beef00000,0x0000002bef000000)]
  0x0000015c40e2a000 JavaThread "WorkerExecutor Queue Thread 2" [_thread_blocked, id=6640, stack(0x0000002bef000000,0x0000002bef100000)]
  0x0000015c40e25800 JavaThread "pool-5-thread-1" [_thread_blocked, id=8592, stack(0x0000002bed700000,0x0000002bed800000)]
  0x0000015c40e26800 JavaThread "stderr" [_thread_in_native, id=9880, stack(0x0000002bef100000,0x0000002bef200000)]
  0x0000015c40e2f800 JavaThread "stdout" [_thread_in_native, id=13848, stack(0x0000002bef200000,0x0000002bef300000)]
  0x0000015c40e32000 JavaThread "stderr" [_thread_in_native, id=5496, stack(0x0000002bef300000,0x0000002bef400000)]
  0x0000015c40e33000 JavaThread "stdout" [_thread_in_native, id=8160, stack(0x0000002bef400000,0x0000002bef500000)]

Other Threads:
  0x0000015c3e4fa800 VMThread "VM Thread" [stack: 0x0000002bec500000,0x0000002bec600000] [id=5240]
  0x0000015c3eff1800 WatcherThread [stack: 0x0000002becf00000,0x0000002bed000000] [id=5212]
  0x0000015c22e63000 GCTaskThread "GC Thread#0" [stack: 0x0000002bec000000,0x0000002bec100000] [id=13880]
  0x0000015c3f107000 GCTaskThread "GC Thread#1" [stack: 0x0000002bed000000,0x0000002bed100000] [id=11260]
  0x0000015c22e95800 ConcurrentGCThread "G1 Main Marker" [stack: 0x0000002bec100000,0x0000002bec200000] [id=8584]
  0x0000015c22e97000 ConcurrentGCThread "G1 Conc#0" [stack: 0x0000002bec200000,0x0000002bec300000] [id=12832]
  0x0000015c22ee7000 ConcurrentGCThread "G1 Refine#0" [stack: 0x0000002bec300000,0x0000002bec400000] [id=12524]
  0x0000015c4326e800 ConcurrentGCThread "G1 Refine#1" [stack: 0x0000002bebc00000,0x0000002bebd00000] [id=9992]
  0x0000015c22ee8000 ConcurrentGCThread "G1 Young RemSet Sampling" [stack: 0x0000002bec400000,0x0000002bec500000] [id=13192]

Threads with active compile tasks:
C2 CompilerThread03709999 19724   !   4       java.net.URL::<init> (543 bytes)

VM state:not at safepoint (normal execution)

VM Mutex/Monitor currently owned by a thread: None

Heap address: 0x0000000080000000, size: 2048 MB, Compressed Oops mode: 32-bit
Narrow klass base: 0x0000000000000000, Narrow klass shift: 3
Compressed class space size: 1073741824 Address: 0x0000000100000000

Heap:
 garbage-first heap   total 231424K, used 113566K [0x0000000080000000, 0x0000000100000000)
  region size 1024K, 7 young (7168K), 3 survivors (3072K)
 Metaspace       used 122118K, capacity 125275K, committed 125440K, reserved 1159168K
  class space    used 15005K, capacity 16110K, committed 16128K, reserved 1048576K
Heap Regions: E=young(eden), S=young(survivor), O=old, HS=humongous(starts), HC=humongous(continues), CS=collection set, F=free, A=archive, TAMS=top-at-mark-start (previous, next)
|   0|0x0000000080000000, 0x0000000080100000, 0x0000000080100000|100%| O|  |TAMS 0x0000000080100000, 0x0000000080000000| Untracked 
|   1|0x0000000080100000, 0x0000000080200000, 0x0000000080200000|100%| O|  |TAMS 0x0000000080200000, 0x0000000080100000| Untracked 
|   2|0x0000000080200000, 0x0000000080300000, 0x0000000080300000|100%| O|  |TAMS 0x0000000080300000, 0x0000000080200000| Untracked 
|   3|0x0000000080300000, 0x0000000080400000, 0x0000000080400000|100%| O|  |TAMS 0x0000000080400000, 0x0000000080300000| Untracked 
|   4|0x0000000080400000, 0x0000000080500000, 0x0000000080500000|100%|HS|  |TAMS 0x0000000080500000, 0x0000000080400000| Complete 
|   5|0x0000000080500000, 0x0000000080600000, 0x0000000080600000|100%|HC|  |TAMS 0x0000000080600000, 0x0000000080500000| Complete 
|   6|0x0000000080600000, 0x0000000080700000, 0x0000000080700000|100%|HC|  |TAMS 0x0000000080700000, 0x0000000080600000| Complete 
|   7|0x0000000080700000, 0x0000000080800000, 0x0000000080800000|100%| O|  |TAMS 0x0000000080800000, 0x0000000080700000| Complete 
|   8|0x0000000080800000, 0x0000000080900000, 0x0000000080900000|100%| O|  |TAMS 0x0000000080900000, 0x0000000080800000| Complete 
|   9|0x0000000080900000, 0x0000000080a00000, 0x0000000080a00000|100%| O|  |TAMS 0x0000000080a00000, 0x0000000080900000| Untracked 
|  10|0x0000000080a00000, 0x0000000080b00000, 0x0000000080b00000|100%| O|  |TAMS 0x0000000080b00000, 0x0000000080a00000| Untracked 
|  11|0x0000000080b00000, 0x0000000080c00000, 0x0000000080c00000|100%| O|  |TAMS 0x0000000080c00000, 0x0000000080b00000| Untracked 
|  12|0x0000000080c00000, 0x0000000080d00000, 0x0000000080d00000|100%| O|  |TAMS 0x0000000080d00000, 0x0000000080c00000| Untracked 
|  13|0x0000000080d00000, 0x0000000080e00000, 0x0000000080e00000|100%| O|  |TAMS 0x0000000080e00000, 0x0000000080d00000| Complete 
|  14|0x0000000080e00000, 0x0000000080f00000, 0x0000000080f00000|100%| O|  |TAMS 0x0000000080f00000, 0x0000000080e00000| Complete 
|  15|0x0000000080f00000, 0x0000000081000000, 0x0000000081000000|100%| O|  |TAMS 0x0000000081000000, 0x0000000080f00000| Complete 
|  16|0x0000000081000000, 0x0000000081100000, 0x0000000081100000|100%|HS|  |TAMS 0x0000000081100000, 0x0000000081000000| Complete 
|  17|0x0000000081100000, 0x0000000081200000, 0x0000000081200000|100%|HC|  |TAMS 0x0000000081200000, 0x0000000081100000| Complete 
|  18|0x0000000081200000, 0x0000000081300000, 0x0000000081300000|100%|HS|  |TAMS 0x0000000081300000, 0x0000000081200000| Complete 
|  19|0x0000000081300000, 0x0000000081400000, 0x0000000081400000|100%|HC|  |TAMS 0x0000000081400000, 0x0000000081300000| Complete 
|  20|0x0000000081400000, 0x0000000081500000, 0x0000000081500000|100%|HC|  |TAMS 0x0000000081500000, 0x0000000081400000| Complete 
|  21|0x0000000081500000, 0x0000000081600000, 0x0000000081600000|100%|HS|  |TAMS 0x0000000081600000, 0x0000000081500000| Complete 
|  22|0x0000000081600000, 0x0000000081700000, 0x0000000081700000|100%|HC|  |TAMS 0x0000000081700000, 0x0000000081600000| Complete 
|  23|0x0000000081700000, 0x0000000081800000, 0x0000000081800000|100%|HC|  |TAMS 0x0000000081800000, 0x0000000081700000| Complete 
|  24|0x0000000081800000, 0x0000000081900000, 0x0000000081900000|100%|HC|  |TAMS 0x0000000081900000, 0x0000000081800000| Complete 
|  25|0x0000000081900000, 0x0000000081a00000, 0x0000000081a00000|100%|HC|  |TAMS 0x0000000081a00000, 0x0000000081900000| Complete 
|  26|0x0000000081a00000, 0x0000000081b00000, 0x0000000081b00000|100%| O|  |TAMS 0x0000000081b00000, 0x0000000081a00000| Untracked 
|  27|0x0000000081b00000, 0x0000000081c00000, 0x0000000081c00000|100%| O|  |TAMS 0x0000000081c00000, 0x0000000081b00000| Complete 
|  28|0x0000000081c00000, 0x0000000081d00000, 0x0000000081d00000|100%| O|  |TAMS 0x0000000081d00000, 0x0000000081c00000| Complete 
|  29|0x0000000081d00000, 0x0000000081e00000, 0x0000000081e00000|100%| O|  |TAMS 0x0000000081e00000, 0x0000000081d00000| Untracked 
|  30|0x0000000081e00000, 0x0000000081f00000, 0x0000000081f00000|100%| O|  |TAMS 0x0000000081f00000, 0x0000000081e00000| Untracked 
|  31|0x0000000081f00000, 0x0000000082000000, 0x0000000082000000|100%| O|  |TAMS 0x0000000082000000, 0x0000000081f00000| Complete 
|  32|0x0000000082000000, 0x0000000082100000, 0x0000000082100000|100%| O|  |TAMS 0x0000000082100000, 0x0000000082000000| Complete 
|  33|0x0000000082100000, 0x0000000082200000, 0x0000000082200000|100%| O|  |TAMS 0x0000000082200000, 0x0000000082100000| Complete 
|  34|0x0000000082200000, 0x0000000082300000, 0x0000000082300000|100%| O|  |TAMS 0x0000000082300000, 0x0000000082200000| Complete 
|  35|0x0000000082300000, 0x0000000082400000, 0x0000000082400000|100%| O|  |TAMS 0x0000000082400000, 0x0000000082300000| Complete 
|  36|0x0000000082400000, 0x0000000082500000, 0x0000000082500000|100%| O|  |TAMS 0x0000000082500000, 0x0000000082400000| Untracked 
|  37|0x0000000082500000, 0x0000000082600000, 0x0000000082600000|100%| O|  |TAMS 0x0000000082600000, 0x0000000082500000| Complete 
|  38|0x0000000082600000, 0x0000000082700000, 0x0000000082700000|100%|HS|  |TAMS 0x0000000082700000, 0x0000000082600000| Complete 
|  39|0x0000000082700000, 0x0000000082800000, 0x0000000082800000|100%|HC|  |TAMS 0x0000000082800000, 0x0000000082700000| Complete 
|  40|0x0000000082800000, 0x0000000082900000, 0x0000000082900000|100%|HC|  |TAMS 0x0000000082900000, 0x0000000082800000| Complete 
|  41|0x0000000082900000, 0x0000000082a00000, 0x0000000082a00000|100%|HC|  |TAMS 0x0000000082a00000, 0x0000000082900000| Complete 
|  42|0x0000000082a00000, 0x0000000082b00000, 0x0000000082b00000|100%|HC|  |TAMS 0x0000000082b00000, 0x0000000082a00000| Complete 
|  43|0x0000000082b00000, 0x0000000082c00000, 0x0000000082c00000|100%| O|  |TAMS 0x0000000082c00000, 0x0000000082b00000| Untracked 
|  44|0x0000000082c00000, 0x0000000082d00000, 0x0000000082d00000|100%|HS|  |TAMS 0x0000000082d00000, 0x0000000082c00000| Complete 
|  45|0x0000000082d00000, 0x0000000082e00000, 0x0000000082e00000|100%|HC|  |TAMS 0x0000000082e00000, 0x0000000082d00000| Complete 
|  46|0x0000000082e00000, 0x0000000082f00000, 0x0000000082f00000|100%|HC|  |TAMS 0x0000000082f00000, 0x0000000082e00000| Complete 
|  47|0x0000000082f00000, 0x0000000083000000, 0x0000000083000000|100%| O|  |TAMS 0x0000000083000000, 0x0000000082f00000| Complete 
|  48|0x0000000083000000, 0x0000000083000000, 0x0000000083100000|  0%| F|  |TAMS 0x0000000083000000, 0x0000000083000000| Untracked 
|  49|0x0000000083100000, 0x0000000083100000, 0x0000000083200000|  0%| F|  |TAMS 0x0000000083100000, 0x0000000083100000| Untracked 
|  50|0x0000000083200000, 0x0000000083200000, 0x0000000083300000|  0%| F|  |TAMS 0x0000000083200000, 0x0000000083200000| Untracked 
|  51|0x0000000083300000, 0x0000000083400000, 0x0000000083400000|100%| O|  |TAMS 0x0000000083400000, 0x0000000083300000| Complete 
|  52|0x0000000083400000, 0x0000000083400000, 0x0000000083500000|  0%| F|  |TAMS 0x0000000083400000, 0x0000000083400000| Untracked 
|  53|0x0000000083500000, 0x0000000083600000, 0x0000000083600000|100%| O|  |TAMS 0x0000000083600000, 0x0000000083500000| Complete 
|  54|0x0000000083600000, 0x0000000083700000, 0x0000000083700000|100%| O|  |TAMS 0x0000000083700000, 0x0000000083600000| Untracked 
|  55|0x0000000083700000, 0x0000000083800000, 0x0000000083800000|100%|HS|  |TAMS 0x0000000083800000, 0x0000000083700000| Complete 
|  56|0x0000000083800000, 0x0000000083900000, 0x0000000083900000|100%| O|  |TAMS 0x0000000083900000, 0x0000000083800000| Complete 
|  57|0x0000000083900000, 0x0000000083a00000, 0x0000000083a00000|100%|HS|  |TAMS 0x0000000083a00000, 0x0000000083900000| Complete 
|  58|0x0000000083a00000, 0x0000000083b00000, 0x0000000083b00000|100%| O|  |TAMS 0x0000000083b00000, 0x0000000083a00000| Complete 
|  59|0x0000000083b00000, 0x0000000083c00000, 0x0000000083c00000|100%| O|  |TAMS 0x0000000083c00000, 0x0000000083b00000| Untracked 
|  60|0x0000000083c00000, 0x0000000083d00000, 0x0000000083d00000|100%|HS|  |TAMS 0x0000000083d00000, 0x0000000083c00000| Complete 
|  61|0x0000000083d00000, 0x0000000083e00000, 0x0000000083e00000|100%|HC|  |TAMS 0x0000000083e00000, 0x0000000083d00000| Complete 
|  62|0x0000000083e00000, 0x0000000083f00000, 0x0000000083f00000|100%| O|  |TAMS 0x0000000083f00000, 0x0000000083e00000| Untracked 
|  63|0x0000000083f00000, 0x0000000084000000, 0x0000000084000000|100%| O|  |TAMS 0x0000000084000000, 0x0000000083f00000| Untracked 
|  64|0x0000000084000000, 0x0000000084100000, 0x0000000084100000|100%| O|  |TAMS 0x0000000084100000, 0x0000000084000000| Untracked 
|  65|0x0000000084100000, 0x0000000084200000, 0x0000000084200000|100%| O|  |TAMS 0x0000000084200000, 0x0000000084100000| Untracked 
|  66|0x0000000084200000, 0x0000000084300000, 0x0000000084300000|100%| O|  |TAMS 0x0000000084300000, 0x0000000084200000| Untracked 
|  67|0x0000000084300000, 0x0000000084400000, 0x0000000084400000|100%| O|  |TAMS 0x0000000084400000, 0x0000000084300000| Complete 
|  68|0x0000000084400000, 0x0000000084500000, 0x0000000084500000|100%| O|  |TAMS 0x0000000084500000, 0x0000000084400000| Complete 
|  69|0x0000000084500000, 0x0000000084600000, 0x0000000084600000|100%| O|  |TAMS 0x0000000084600000, 0x0000000084500000| Complete 
|  70|0x0000000084600000, 0x0000000084700000, 0x0000000084700000|100%| O|  |TAMS 0x0000000084700000, 0x0000000084600000| Complete 
|  71|0x0000000084700000, 0x0000000084800000, 0x0000000084800000|100%| O|  |TAMS 0x0000000084800000, 0x0000000084700000| Complete 
|  72|0x0000000084800000, 0x0000000084900000, 0x0000000084900000|100%| O|  |TAMS 0x0000000084900000, 0x0000000084800000| Untracked 
|  73|0x0000000084900000, 0x0000000084a00000, 0x0000000084a00000|100%| O|  |TAMS 0x0000000084a00000, 0x0000000084900000| Untracked 
|  74|0x0000000084a00000, 0x0000000084b00000, 0x0000000084b00000|100%| O|  |TAMS 0x0000000084b00000, 0x0000000084a00000| Complete 
|  75|0x0000000084b00000, 0x0000000084bb3200, 0x0000000084c00000| 69%| O|  |TAMS 0x0000000084bb3200, 0x0000000084b00000| Untracked 
|  76|0x0000000084c00000, 0x0000000084d00000, 0x0000000084d00000|100%| O|  |TAMS 0x0000000084d00000, 0x0000000084c00000| Complete 
|  77|0x0000000084d00000, 0x0000000084d00000, 0x0000000084e00000|  0%| F|  |TAMS 0x0000000084d00000, 0x0000000084d00000| Untracked 
|  78|0x0000000084e00000, 0x0000000084f00000, 0x0000000084f00000|100%| O|  |TAMS 0x0000000084f00000, 0x0000000084e00000| Complete 
|  79|0x0000000084f00000, 0x0000000084f00000, 0x0000000085000000|  0%| F|  |TAMS 0x0000000084f00000, 0x0000000084f00000| Untracked 
|  80|0x0000000085000000, 0x0000000085100000, 0x0000000085100000|100%| O|  |TAMS 0x0000000085100000, 0x0000000085000000| Untracked 
|  81|0x0000000085100000, 0x0000000085100000, 0x0000000085200000|  0%| F|  |TAMS 0x0000000085100000, 0x0000000085100000| Untracked 
|  82|0x0000000085200000, 0x0000000085300000, 0x0000000085300000|100%| O|  |TAMS 0x0000000085300000, 0x0000000085200000| Untracked 
|  83|0x0000000085300000, 0x0000000085400000, 0x0000000085400000|100%| O|  |TAMS 0x0000000085400000, 0x0000000085300000| Untracked 
|  84|0x0000000085400000, 0x0000000085500000, 0x0000000085500000|100%| O|  |TAMS 0x0000000085500000, 0x0000000085400000| Complete 
|  85|0x0000000085500000, 0x0000000085600000, 0x0000000085600000|100%| O|  |TAMS 0x0000000085600000, 0x0000000085500000| Complete 
|  86|0x0000000085600000, 0x0000000085700000, 0x0000000085700000|100%| O|  |TAMS 0x0000000085700000, 0x0000000085600000| Untracked 
|  87|0x0000000085700000, 0x0000000085800000, 0x0000000085800000|100%| O|  |TAMS 0x0000000085800000, 0x0000000085700000| Untracked 
|  88|0x0000000085800000, 0x0000000085900000, 0x0000000085900000|100%| O|  |TAMS 0x0000000085900000, 0x0000000085800000| Untracked 
|  89|0x0000000085900000, 0x0000000085a00000, 0x0000000085a00000|100%| O|  |TAMS 0x0000000085a00000, 0x0000000085900000| Untracked 
|  90|0x0000000085a00000, 0x0000000085a00000, 0x0000000085b00000|  0%| F|  |TAMS 0x0000000085a00000, 0x0000000085a00000| Untracked 
|  91|0x0000000085b00000, 0x0000000085b00000, 0x0000000085c00000|  0%| F|  |TAMS 0x0000000085b00000, 0x0000000085b00000| Untracked 
|  92|0x0000000085c00000, 0x0000000085d00000, 0x0000000085d00000|100%| O|  |TAMS 0x0000000085d00000, 0x0000000085c00000| Complete 
|  93|0x0000000085d00000, 0x0000000085e00000, 0x0000000085e00000|100%| O|  |TAMS 0x0000000085e00000, 0x0000000085d00000| Complete 
|  94|0x0000000085e00000, 0x0000000085e00000, 0x0000000085f00000|  0%| F|  |TAMS 0x0000000085e00000, 0x0000000085e00000| Untracked 
|  95|0x0000000085f00000, 0x0000000086000000, 0x0000000086000000|100%| O|  |TAMS 0x0000000086000000, 0x0000000085f00000| Untracked 
|  96|0x0000000086000000, 0x0000000086000000, 0x0000000086100000|  0%| F|  |TAMS 0x0000000086000000, 0x0000000086000000| Untracked 
|  97|0x0000000086100000, 0x0000000086200000, 0x0000000086200000|100%| O|  |TAMS 0x0000000086200000, 0x0000000086100000| Complete 
|  98|0x0000000086200000, 0x0000000086300000, 0x0000000086300000|100%| O|  |TAMS 0x0000000086300000, 0x0000000086200000| Complete 
|  99|0x0000000086300000, 0x0000000086400000, 0x0000000086400000|100%| O|  |TAMS 0x0000000086400000, 0x0000000086300000| Untracked 
| 100|0x0000000086400000, 0x0000000086500000, 0x0000000086500000|100%| O|  |TAMS 0x0000000086500000, 0x0000000086400000| Untracked 
| 101|0x0000000086500000, 0x0000000086500000, 0x0000000086600000|  0%| F|  |TAMS 0x0000000086500000, 0x0000000086500000| Untracked 
| 102|0x0000000086600000, 0x0000000086600000, 0x0000000086700000|  0%| F|  |TAMS 0x0000000086600000, 0x0000000086600000| Untracked 
| 103|0x0000000086700000, 0x0000000086800000, 0x0000000086800000|100%| O|  |TAMS 0x0000000086800000, 0x0000000086700000| Untracked 
| 104|0x0000000086800000, 0x0000000086900000, 0x0000000086900000|100%| O|  |TAMS 0x0000000086900000, 0x0000000086800000| Untracked 
| 105|0x0000000086900000, 0x0000000086900000, 0x0000000086a00000|  0%| F|  |TAMS 0x0000000086900000, 0x0000000086900000| Untracked 
| 106|0x0000000086a00000, 0x0000000086b00000, 0x0000000086b00000|100%| O|  |TAMS 0x0000000086b00000, 0x0000000086a00000| Untracked 
| 107|0x0000000086b00000, 0x0000000086c00000, 0x0000000086c00000|100%| O|  |TAMS 0x0000000086c00000, 0x0000000086b00000| Complete 
| 108|0x0000000086c00000, 0x0000000086d00000, 0x0000000086d00000|100%| O|  |TAMS 0x0000000086d00000, 0x0000000086c00000| Untracked 
| 109|0x0000000086d00000, 0x0000000086e00000, 0x0000000086e00000|100%| O|  |TAMS 0x0000000086e00000, 0x0000000086d00000| Untracked 
| 110|0x0000000086e00000, 0x0000000086f00000, 0x0000000086f00000|100%| O|  |TAMS 0x0000000086f00000, 0x0000000086e00000| Untracked 
| 111|0x0000000086f00000, 0x0000000087000000, 0x0000000087000000|100%| O|  |TAMS 0x0000000087000000, 0x0000000086f00000| Untracked 
| 112|0x0000000087000000, 0x0000000087100000, 0x0000000087100000|100%| O|  |TAMS 0x0000000087100000, 0x0000000087000000| Untracked 
| 113|0x0000000087100000, 0x0000000087200000, 0x0000000087200000|100%| O|  |TAMS 0x0000000087200000, 0x0000000087100000| Complete 
| 114|0x0000000087200000, 0x0000000087200000, 0x0000000087300000|  0%| F|  |TAMS 0x0000000087200000, 0x0000000087200000| Untracked 
| 115|0x0000000087300000, 0x0000000087300000, 0x0000000087400000|  0%| F|  |TAMS 0x0000000087300000, 0x0000000087300000| Untracked 
| 116|0x0000000087400000, 0x0000000087400000, 0x0000000087500000|  0%| F|  |TAMS 0x0000000087400000, 0x0000000087400000| Untracked 
| 117|0x0000000087500000, 0x0000000087600000, 0x0000000087600000|100%| O|  |TAMS 0x0000000087600000, 0x0000000087500000| Complete 
| 118|0x0000000087600000, 0x0000000087600000, 0x0000000087700000|  0%| F|  |TAMS 0x0000000087600000, 0x0000000087600000| Untracked 
| 119|0x0000000087700000, 0x0000000087700000, 0x0000000087800000|  0%| F|  |TAMS 0x0000000087700000, 0x0000000087700000| Untracked 
| 120|0x0000000087800000, 0x0000000087800000, 0x0000000087900000|  0%| F|  |TAMS 0x0000000087800000, 0x0000000087800000| Untracked 
| 121|0x0000000087900000, 0x0000000087900000, 0x0000000087a00000|  0%| F|  |TAMS 0x0000000087900000, 0x0000000087900000| Untracked 
| 122|0x0000000087a00000, 0x0000000087a00000, 0x0000000087b00000|  0%| F|  |TAMS 0x0000000087a00000, 0x0000000087a00000| Untracked 
| 123|0x0000000087b00000, 0x0000000087b00000, 0x0000000087c00000|  0%| F|  |TAMS 0x0000000087b00000, 0x0000000087b00000| Untracked 
| 124|0x0000000087c00000, 0x0000000087c00000, 0x0000000087d00000|  0%| F|  |TAMS 0x0000000087c00000, 0x0000000087c00000| Untracked 
| 125|0x0000000087d00000, 0x0000000087d00000, 0x0000000087e00000|  0%| F|  |TAMS 0x0000000087d00000, 0x0000000087d00000| Untracked 
| 126|0x0000000087e00000, 0x0000000087e00000, 0x0000000087f00000|  0%| F|  |TAMS 0x0000000087e00000, 0x0000000087e00000| Untracked 
| 127|0x0000000087f00000, 0x0000000087f00000, 0x0000000088000000|  0%| F|  |TAMS 0x0000000087f00000, 0x0000000087f00000| Untracked 
| 128|0x0000000088000000, 0x0000000088100000, 0x0000000088100000|100%| O|  |TAMS 0x0000000088100000, 0x0000000088000000| Untracked 
| 129|0x0000000088100000, 0x0000000088200000, 0x0000000088200000|100%| O|  |TAMS 0x0000000088200000, 0x0000000088100000| Untracked 
| 130|0x0000000088200000, 0x0000000088200000, 0x0000000088300000|  0%| F|  |TAMS 0x0000000088200000, 0x0000000088200000| Untracked 
| 131|0x0000000088300000, 0x0000000088300000, 0x0000000088400000|  0%| F|  |TAMS 0x0000000088300000, 0x0000000088300000| Untracked 
| 132|0x0000000088400000, 0x0000000088500000, 0x0000000088500000|100%| O|  |TAMS 0x0000000088500000, 0x0000000088400000| Complete 
| 133|0x0000000088500000, 0x0000000088500000, 0x0000000088600000|  0%| F|  |TAMS 0x0000000088500000, 0x0000000088500000| Untracked 
| 134|0x0000000088600000, 0x0000000088600000, 0x0000000088700000|  0%| F|  |TAMS 0x0000000088600000, 0x0000000088600000| Untracked 
| 135|0x0000000088700000, 0x0000000088700000, 0x0000000088800000|  0%| F|  |TAMS 0x0000000088700000, 0x0000000088700000| Untracked 
| 136|0x0000000088800000, 0x0000000088800000, 0x0000000088900000|  0%| F|  |TAMS 0x0000000088800000, 0x0000000088800000| Untracked 
| 137|0x0000000088900000, 0x0000000088900000, 0x0000000088a00000|  0%| F|  |TAMS 0x0000000088900000, 0x0000000088900000| Untracked 
| 138|0x0000000088a00000, 0x0000000088a00000, 0x0000000088b00000|  0%| F|  |TAMS 0x0000000088a00000, 0x0000000088a00000| Untracked 
| 139|0x0000000088b00000, 0x0000000088b00000, 0x0000000088c00000|  0%| F|  |TAMS 0x0000000088b00000, 0x0000000088b00000| Untracked 
| 140|0x0000000088c00000, 0x0000000088c00000, 0x0000000088d00000|  0%| F|  |TAMS 0x0000000088c00000, 0x0000000088c00000| Untracked 
| 141|0x0000000088d00000, 0x0000000088d00000, 0x0000000088e00000|  0%| F|  |TAMS 0x0000000088d00000, 0x0000000088d00000| Untracked 
| 142|0x0000000088e00000, 0x0000000088e00000, 0x0000000088f00000|  0%| F|  |TAMS 0x0000000088e00000, 0x0000000088e00000| Untracked 
| 143|0x0000000088f00000, 0x0000000089000000, 0x0000000089000000|100%| O|  |TAMS 0x0000000089000000, 0x0000000088f00000| Complete 
| 144|0x0000000089000000, 0x0000000089000000, 0x0000000089100000|  0%| F|  |TAMS 0x0000000089000000, 0x0000000089000000| Untracked 
| 145|0x0000000089100000, 0x0000000089100000, 0x0000000089200000|  0%| F|  |TAMS 0x0000000089100000, 0x0000000089100000| Untracked 
| 146|0x0000000089200000, 0x0000000089200000, 0x0000000089300000|  0%| F|  |TAMS 0x0000000089200000, 0x0000000089200000| Untracked 
| 147|0x0000000089300000, 0x0000000089300000, 0x0000000089400000|  0%| F|  |TAMS 0x0000000089300000, 0x0000000089300000| Untracked 
| 148|0x0000000089400000, 0x0000000089400000, 0x0000000089500000|  0%| F|  |TAMS 0x0000000089400000, 0x0000000089400000| Untracked 
| 149|0x0000000089500000, 0x0000000089500000, 0x0000000089600000|  0%| F|  |TAMS 0x0000000089500000, 0x0000000089500000| Untracked 
| 150|0x0000000089600000, 0x0000000089600000, 0x0000000089700000|  0%| F|  |TAMS 0x0000000089600000, 0x0000000089600000| Untracked 
| 151|0x0000000089700000, 0x0000000089700000, 0x0000000089800000|  0%| F|  |TAMS 0x0000000089700000, 0x0000000089700000| Untracked 
| 152|0x0000000089800000, 0x0000000089900000, 0x0000000089900000|100%| O|  |TAMS 0x0000000089900000, 0x0000000089800000| Untracked 
| 153|0x0000000089900000, 0x0000000089900000, 0x0000000089a00000|  0%| F|  |TAMS 0x0000000089900000, 0x0000000089900000| Untracked 
| 154|0x0000000089a00000, 0x0000000089a00000, 0x0000000089b00000|  0%| F|  |TAMS 0x0000000089a00000, 0x0000000089a00000| Untracked 
| 155|0x0000000089b00000, 0x0000000089b00000, 0x0000000089c00000|  0%| F|  |TAMS 0x0000000089b00000, 0x0000000089b00000| Untracked 
| 156|0x0000000089c00000, 0x0000000089c00000, 0x0000000089d00000|  0%| F|  |TAMS 0x0000000089c00000, 0x0000000089c00000| Untracked 
| 157|0x0000000089d00000, 0x0000000089d00000, 0x0000000089e00000|  0%| F|  |TAMS 0x0000000089d00000, 0x0000000089d00000| Untracked 
| 158|0x0000000089e00000, 0x0000000089e00000, 0x0000000089f00000|  0%| F|  |TAMS 0x0000000089e00000, 0x0000000089e00000| Untracked 
| 159|0x0000000089f00000, 0x0000000089f00000, 0x000000008a000000|  0%| F|  |TAMS 0x0000000089f00000, 0x0000000089f00000| Untracked 
| 160|0x000000008a000000, 0x000000008a000000, 0x000000008a100000|  0%| F|  |TAMS 0x000000008a000000, 0x000000008a000000| Untracked 
| 161|0x000000008a100000, 0x000000008a100000, 0x000000008a200000|  0%| F|  |TAMS 0x000000008a100000, 0x000000008a100000| Untracked 
| 162|0x000000008a200000, 0x000000008a200000, 0x000000008a300000|  0%| F|  |TAMS 0x000000008a200000, 0x000000008a200000| Untracked 
| 163|0x000000008a300000, 0x000000008a300000, 0x000000008a400000|  0%| F|  |TAMS 0x000000008a300000, 0x000000008a300000| Untracked 
| 164|0x000000008a400000, 0x000000008a400000, 0x000000008a500000|  0%| F|  |TAMS 0x000000008a400000, 0x000000008a400000| Untracked 
| 165|0x000000008a500000, 0x000000008a534870, 0x000000008a600000| 20%| S|CS|TAMS 0x000000008a500000, 0x000000008a500000| Complete 
| 166|0x000000008a600000, 0x000000008a700000, 0x000000008a700000|100%| S|CS|TAMS 0x000000008a600000, 0x000000008a600000| Complete 
| 167|0x000000008a700000, 0x000000008a800000, 0x000000008a800000|100%| S|CS|TAMS 0x000000008a700000, 0x000000008a700000| Complete 
| 168|0x000000008a800000, 0x000000008a800000, 0x000000008a900000|  0%| F|  |TAMS 0x000000008a800000, 0x000000008a800000| Untracked 
| 169|0x000000008a900000, 0x000000008a900000, 0x000000008aa00000|  0%| F|  |TAMS 0x000000008a900000, 0x000000008a900000| Untracked 
| 170|0x000000008aa00000, 0x000000008aa00000, 0x000000008ab00000|  0%| F|  |TAMS 0x000000008aa00000, 0x000000008aa00000| Untracked 
| 171|0x000000008ab00000, 0x000000008ab00000, 0x000000008ac00000|  0%| F|  |TAMS 0x000000008ab00000, 0x000000008ab00000| Untracked 
| 172|0x000000008ac00000, 0x000000008ac00000, 0x000000008ad00000|  0%| F|  |TAMS 0x000000008ac00000, 0x000000008ac00000| Untracked 
| 173|0x000000008ad00000, 0x000000008ad00000, 0x000000008ae00000|  0%| F|  |TAMS 0x000000008ad00000, 0x000000008ad00000| Untracked 
| 174|0x000000008ae00000, 0x000000008ae00000, 0x000000008af00000|  0%| F|  |TAMS 0x000000008ae00000, 0x000000008ae00000| Untracked 
| 175|0x000000008af00000, 0x000000008af00000, 0x000000008b000000|  0%| F|  |TAMS 0x000000008af00000, 0x000000008af00000| Untracked 
| 176|0x000000008b000000, 0x000000008b000000, 0x000000008b100000|  0%| F|  |TAMS 0x000000008b000000, 0x000000008b000000| Untracked 
| 177|0x000000008b100000, 0x000000008b100000, 0x000000008b200000|  0%| F|  |TAMS 0x000000008b100000, 0x000000008b100000| Untracked 
| 178|0x000000008b200000, 0x000000008b200000, 0x000000008b300000|  0%| F|  |TAMS 0x000000008b200000, 0x000000008b200000| Untracked 
| 179|0x000000008b300000, 0x000000008b300000, 0x000000008b400000|  0%| F|  |TAMS 0x000000008b300000, 0x000000008b300000| Untracked 
| 180|0x000000008b400000, 0x000000008b400000, 0x000000008b500000|  0%| F|  |TAMS 0x000000008b400000, 0x000000008b400000| Untracked 
| 181|0x000000008b500000, 0x000000008b500000, 0x000000008b600000|  0%| F|  |TAMS 0x000000008b500000, 0x000000008b500000| Untracked 
| 182|0x000000008b600000, 0x000000008b600000, 0x000000008b700000|  0%| F|  |TAMS 0x000000008b600000, 0x000000008b600000| Untracked 
| 183|0x000000008b700000, 0x000000008b700000, 0x000000008b800000|  0%| F|  |TAMS 0x000000008b700000, 0x000000008b700000| Untracked 
| 184|0x000000008b800000, 0x000000008b800000, 0x000000008b900000|  0%| F|  |TAMS 0x000000008b800000, 0x000000008b800000| Untracked 
| 185|0x000000008b900000, 0x000000008b900000, 0x000000008ba00000|  0%| F|  |TAMS 0x000000008b900000, 0x000000008b900000| Untracked 
| 186|0x000000008ba00000, 0x000000008ba00000, 0x000000008bb00000|  0%| F|  |TAMS 0x000000008ba00000, 0x000000008ba00000| Untracked 
| 187|0x000000008bb00000, 0x000000008bb00000, 0x000000008bc00000|  0%| F|  |TAMS 0x000000008bb00000, 0x000000008bb00000| Untracked 
| 188|0x000000008bc00000, 0x000000008bc00000, 0x000000008bd00000|  0%| F|  |TAMS 0x000000008bc00000, 0x000000008bc00000| Untracked 
| 189|0x000000008bd00000, 0x000000008bd00000, 0x000000008be00000|  0%| F|  |TAMS 0x000000008bd00000, 0x000000008bd00000| Untracked 
| 190|0x000000008be00000, 0x000000008be00000, 0x000000008bf00000|  0%| F|  |TAMS 0x000000008be00000, 0x000000008be00000| Untracked 
| 191|0x000000008bf00000, 0x000000008bf00000, 0x000000008c000000|  0%| F|  |TAMS 0x000000008bf00000, 0x000000008bf00000| Untracked 
| 192|0x000000008c000000, 0x000000008c000000, 0x000000008c100000|  0%| F|  |TAMS 0x000000008c000000, 0x000000008c000000| Untracked 
| 193|0x000000008c100000, 0x000000008c100000, 0x000000008c200000|  0%| F|  |TAMS 0x000000008c100000, 0x000000008c100000| Untracked 
| 194|0x000000008c200000, 0x000000008c200000, 0x000000008c300000|  0%| F|  |TAMS 0x000000008c200000, 0x000000008c200000| Untracked 
| 195|0x000000008c300000, 0x000000008c300000, 0x000000008c400000|  0%| F|  |TAMS 0x000000008c300000, 0x000000008c300000| Untracked 
| 196|0x000000008c400000, 0x000000008c400000, 0x000000008c500000|  0%| F|  |TAMS 0x000000008c400000, 0x000000008c400000| Untracked 
| 197|0x000000008c500000, 0x000000008c500000, 0x000000008c600000|  0%| F|  |TAMS 0x000000008c500000, 0x000000008c500000| Untracked 
| 198|0x000000008c600000, 0x000000008c600000, 0x000000008c700000|  0%| F|  |TAMS 0x000000008c600000, 0x000000008c600000| Untracked 
| 199|0x000000008c700000, 0x000000008c700000, 0x000000008c800000|  0%| F|  |TAMS 0x000000008c700000, 0x000000008c700000| Untracked 
| 200|0x000000008c800000, 0x000000008c800000, 0x000000008c900000|  0%| F|  |TAMS 0x000000008c800000, 0x000000008c800000| Untracked 
| 201|0x000000008c900000, 0x000000008c900000, 0x000000008ca00000|  0%| F|  |TAMS 0x000000008c900000, 0x000000008c900000| Untracked 
| 202|0x000000008ca00000, 0x000000008ca00000, 0x000000008cb00000|  0%| F|  |TAMS 0x000000008ca00000, 0x000000008ca00000| Untracked 
| 203|0x000000008cb00000, 0x000000008cb00000, 0x000000008cc00000|  0%| F|  |TAMS 0x000000008cb00000, 0x000000008cb00000| Untracked 
| 204|0x000000008cc00000, 0x000000008cc00000, 0x000000008cd00000|  0%| F|  |TAMS 0x000000008cc00000, 0x000000008cc00000| Untracked 
| 205|0x000000008cd00000, 0x000000008cd00000, 0x000000008ce00000|  0%| F|  |TAMS 0x000000008cd00000, 0x000000008cd00000| Untracked 
| 206|0x000000008ce00000, 0x000000008ce00000, 0x000000008cf00000|  0%| F|  |TAMS 0x000000008ce00000, 0x000000008ce00000| Untracked 
| 207|0x000000008cf00000, 0x000000008cf00000, 0x000000008d000000|  0%| F|  |TAMS 0x000000008cf00000, 0x000000008cf00000| Untracked 
| 208|0x000000008d000000, 0x000000008d000000, 0x000000008d100000|  0%| F|  |TAMS 0x000000008d000000, 0x000000008d000000| Untracked 
| 209|0x000000008d100000, 0x000000008d100000, 0x000000008d200000|  0%| F|  |TAMS 0x000000008d100000, 0x000000008d100000| Untracked 
| 210|0x000000008d200000, 0x000000008d200000, 0x000000008d300000|  0%| F|  |TAMS 0x000000008d200000, 0x000000008d200000| Untracked 
| 211|0x000000008d300000, 0x000000008d300000, 0x000000008d400000|  0%| F|  |TAMS 0x000000008d300000, 0x000000008d300000| Untracked 
| 212|0x000000008d400000, 0x000000008d400000, 0x000000008d500000|  0%| F|  |TAMS 0x000000008d400000, 0x000000008d400000| Untracked 
| 213|0x000000008d500000, 0x000000008d500000, 0x000000008d600000|  0%| F|  |TAMS 0x000000008d500000, 0x000000008d500000| Untracked 
| 214|0x000000008d600000, 0x000000008d600000, 0x000000008d700000|  0%| F|  |TAMS 0x000000008d600000, 0x000000008d600000| Untracked 
| 215|0x000000008d700000, 0x000000008d700000, 0x000000008d800000|  0%| F|  |TAMS 0x000000008d700000, 0x000000008d700000| Untracked 
| 216|0x000000008d800000, 0x000000008d800000, 0x000000008d900000|  0%| F|  |TAMS 0x000000008d800000, 0x000000008d800000| Untracked 
| 217|0x000000008d900000, 0x000000008d900000, 0x000000008da00000|  0%| F|  |TAMS 0x000000008d900000, 0x000000008d900000| Untracked 
| 218|0x000000008da00000, 0x000000008da00000, 0x000000008db00000|  0%| F|  |TAMS 0x000000008da00000, 0x000000008da00000| Untracked 
| 219|0x000000008db00000, 0x000000008db00000, 0x000000008dc00000|  0%| F|  |TAMS 0x000000008db00000, 0x000000008db00000| Untracked 
| 220|0x000000008dc00000, 0x000000008dc00000, 0x000000008dd00000|  0%| F|  |TAMS 0x000000008dc00000, 0x000000008dc00000| Untracked 
| 221|0x000000008dd00000, 0x000000008ddbc460, 0x000000008de00000| 73%| E|  |TAMS 0x000000008dd00000, 0x000000008dd00000| Complete 
| 222|0x000000008de00000, 0x000000008df00000, 0x000000008df00000|100%| E|CS|TAMS 0x000000008de00000, 0x000000008de00000| Complete 
| 223|0x000000008df00000, 0x000000008e000000, 0x000000008e000000|100%| E|CS|TAMS 0x000000008df00000, 0x000000008df00000| Complete 
| 224|0x000000008e000000, 0x000000008e100000, 0x000000008e100000|100%| E|CS|TAMS 0x000000008e000000, 0x000000008e000000| Complete 
| 225|0x000000008e100000, 0x000000008e200000, 0x000000008e200000|100%| E|CS|TAMS 0x000000008e100000, 0x000000008e100000| Complete 

Card table byte_map: [0x0000015c37970000,0x0000015c37d70000] _byte_map_base: 0x0000015c37570000

Marking Bits (Prev, Next): (CMBitMap*) 0x0000015c22e8cd60, (CMBitMap*) 0x0000015c22e8cd28
 Prev Bits: [0x0000015c3a170000, 0x0000015c3c170000)
 Next Bits: [0x0000015c38170000, 0x0000015c3a170000)

Polling page: 0x0000015c22cb0000

Metaspace:

Usage:
  Non-class:    106.67 MB capacity,   104.65 MB ( 98%) used,     1.68 MB (  2%) free+waste,   346.88 KB ( <1%) overhead. 
      Class:     15.73 MB capacity,    14.66 MB ( 93%) used,   944.17 KB (  6%) free+waste,   153.81 KB ( <1%) overhead. 
       Both:    122.40 MB capacity,   119.31 MB ( 97%) used,     2.60 MB (  2%) free+waste,   500.69 KB ( <1%) overhead. 

Virtual space:
  Non-class space:      108.00 MB reserved,     106.75 MB ( 99%) committed 
      Class space:        1.00 GB reserved,      15.75 MB (  2%) committed 
             Both:        1.11 GB reserved,     122.50 MB ( 11%) committed 

Chunk freelists:
   Non-Class:  19.00 KB
       Class:  18.00 KB
        Both:  37.00 KB

MaxMetaspaceSize: 17179869184.00 GB
CompressedClassSpaceSize: 1.00 GB

CodeHeap 'non-profiled nmethods': size=120064Kb used=13772Kb max_used=13772Kb free=106291Kb
 bounds [0x0000015c2fc30000, 0x0000015c309b0000, 0x0000015c37170000]
CodeHeap 'profiled nmethods': size=120000Kb used=42581Kb max_used=42581Kb free=77418Kb
 bounds [0x0000015c28700000, 0x0000015c2b0b0000, 0x0000015c2fc30000]
CodeHeap 'non-nmethods': size=5696Kb used=2352Kb max_used=2390Kb free=3343Kb
 bounds [0x0000015c28170000, 0x0000015c283e0000, 0x0000015c28700000]
 total_blobs=19010 nmethods=18023 adapters=897
 compilation: enabled
              stopped_count=0, restarted_count=0
 full_count=0

Compilation events (20 events):
Event: 3708.999 Thread 0x0000015c3e582800 19714       3       java.nio.file.spi.FileSystemProvider::newOutputStream (129 bytes)
Event: 3709.001 Thread 0x0000015c3e582800 nmethod 19714 0x0000015c2b0a8890 code [0x0000015c2b0a8b80, 0x0000015c2b0a9e88]
Event: 3709.009 Thread 0x0000015c3e582800 19716       3       sun.net.www.protocol.jar.URLJarFile::close (22 bytes)
Event: 3709.010 Thread 0x0000015c3e582800 nmethod 19716 0x0000015c2b0aa490 code [0x0000015c2b0aa660, 0x0000015c2b0aa858]
Event: 3709.050 Thread 0x0000015c3e560000 nmethod 19712 0x0000015c3099a810 code [0x0000015c3099ab00, 0x0000015c3099bd60]
Event: 3709.050 Thread 0x0000015c3e560000 19715   !   4       java.util.zip.ZipFile::getMetaInfEntryNames (106 bytes)
Event: 3709.086 Thread 0x0000015c3e582800 19718       3       java.util.jar.JarFile::getVersionedEntry (85 bytes)
Event: 3709.086 Thread 0x0000015c3e560000 nmethod 19715 0x0000015c3099d090 code [0x0000015c3099d2c0, 0x0000015c3099e4a0]
Event: 3709.088 Thread 0x0000015c3e582800 nmethod 19718 0x0000015c2b0aa990 code [0x0000015c2b0aac80, 0x0000015c2b0abc88]
Event: 3709.126 Thread 0x0000015c3e582800 19719       1       org.gradle.internal.snapshot.impl.IsolatedEnumValueSnapshot::isolate (5 bytes)
Event: 3709.127 Thread 0x0000015c3e582800 nmethod 19719 0x0000015c3099ee10 code [0x0000015c3099efc0, 0x0000015c3099f078]
Event: 3709.142 Thread 0x0000015c3e582800 19720       3       java.io.OutputStreamWriter::<init> (30 bytes)
Event: 3709.143 Thread 0x0000015c3e582800 nmethod 19720 0x0000015c2b0ac290 code [0x0000015c2b0ac4a0, 0x0000015c2b0aca28]
Event: 3709.151 Thread 0x0000015c3e582800 19721       3       org.gradle.internal.vfs.impl.DefaultSnapshotHierarchy::hasDescendantsUnder (11 bytes)
Event: 3709.152 Thread 0x0000015c3e582800 nmethod 19721 0x0000015c2b0acc10 code [0x0000015c2b0ace40, 0x0000015c2b0ad598]
Event: 3709.170 Thread 0x0000015c3e560000 19722       4       java.util.TimSort::sort (229 bytes)
Event: 3709.372 Thread 0x0000015c3e560000 nmethod 19722 0x0000015c3099f110 code [0x0000015c3099f3a0, 0x0000015c309a2b68]
Event: 3709.416 Thread 0x0000015c3e560000 19723   !   4       java.lang.ref.ReferenceQueue::enqueue (119 bytes)
Event: 3709.428 Thread 0x0000015c3e560000 nmethod 19723 0x0000015c309a4290 code [0x0000015c309a4460, 0x0000015c309a4b48]
Event: 3709.509 Thread 0x0000015c3e560000 19724   !   4       java.net.URL::<init> (543 bytes)

GC Heap History (20 events):
Event: 3679.866 GC heap before
{Heap before GC invocations=108 (full 0):
 garbage-first heap   total 231424K, used 169882K [0x0000000080000000, 0x0000000100000000)
  region size 1024K, 31 young (31744K), 3 survivors (3072K)
 Metaspace       used 113924K, capacity 117012K, committed 117248K, reserved 1150976K
  class space    used 14264K, capacity 15341K, committed 15360K, reserved 1048576K
}
Event: 3679.889 GC heap after
{Heap after GC invocations=109 (full 0):
 garbage-first heap   total 231424K, used 141203K [0x0000000080000000, 0x0000000100000000)
  region size 1024K, 1 young (1024K), 1 survivors (1024K)
 Metaspace       used 113924K, capacity 117012K, committed 117248K, reserved 1150976K
  class space    used 14264K, capacity 15341K, committed 15360K, reserved 1048576K
}
Event: 3680.891 GC heap before
{Heap before GC invocations=109 (full 0):
 garbage-first heap   total 231424K, used 165779K [0x0000000080000000, 0x0000000100000000)
  region size 1024K, 11 young (11264K), 1 survivors (1024K)
 Metaspace       used 114135K, capacity 117234K, committed 117248K, reserved 1150976K
  class space    used 14280K, capacity 15347K, committed 15360K, reserved 1048576K
}
Event: 3680.928 GC heap after
{Heap after GC invocations=110 (full 0):
 garbage-first heap   total 231424K, used 140738K [0x0000000080000000, 0x0000000100000000)
  region size 1024K, 2 young (2048K), 2 survivors (2048K)
 Metaspace       used 114135K, capacity 117234K, committed 117248K, reserved 1150976K
  class space    used 14280K, capacity 15347K, committed 15360K, reserved 1048576K
}
Event: 3684.467 GC heap before
{Heap before GC invocations=110 (full 0):
 garbage-first heap   total 231424K, used 173506K [0x0000000080000000, 0x0000000100000000)
  region size 1024K, 35 young (35840K), 2 survivors (2048K)
 Metaspace       used 117203K, capacity 120357K, committed 120704K, reserved 1155072K
  class space    used 14530K, capacity 15647K, committed 15744K, reserved 1048576K
}
Event: 3684.497 GC heap after
{Heap after GC invocations=111 (full 0):
 garbage-first heap   total 231424K, used 144709K [0x0000000080000000, 0x0000000100000000)
  region size 1024K, 5 young (5120K), 5 survivors (5120K)
 Metaspace       used 117203K, capacity 120357K, committed 120704K, reserved 1155072K
  class space    used 14530K, capacity 15647K, committed 15744K, reserved 1048576K
}
Event: 3687.464 GC heap before
{Heap before GC invocations=112 (full 0):
 garbage-first heap   total 231424K, used 170309K [0x0000000080000000, 0x0000000100000000)
  region size 1024K, 39 young (39936K), 5 survivors (5120K)
 Metaspace       used 117996K, capacity 121157K, committed 121472K, reserved 1155072K
  class space    used 14571K, capacity 15679K, committed 15744K, reserved 1048576K
}
Event: 3687.520 GC heap after
{Heap after GC invocations=113 (full 0):
 garbage-first heap   total 231424K, used 135044K [0x0000000080000000, 0x0000000100000000)
  region size 1024K, 1 young (1024K), 1 survivors (1024K)
 Metaspace       used 117996K, capacity 121157K, committed 121472K, reserved 1155072K
  class space    used 14571K, capacity 15679K, committed 15744K, reserved 1048576K
}
Event: 3688.377 GC heap before
{Heap before GC invocations=113 (full 0):
 garbage-first heap   total 231424K, used 145284K [0x0000000080000000, 0x0000000100000000)
  region size 1024K, 11 young (11264K), 1 survivors (1024K)
 Metaspace       used 118004K, capacity 121157K, committed 121472K, reserved 1155072K
  class space    used 14571K, capacity 15679K, committed 15744K, reserved 1048576K
}
Event: 3688.401 GC heap after
{Heap after GC invocations=114 (full 0):
 garbage-first heap   total 231424K, used 123575K [0x0000000080000000, 0x0000000100000000)
  region size 1024K, 1 young (1024K), 1 survivors (1024K)
 Metaspace       used 118004K, capacity 121157K, committed 121472K, reserved 1155072K
  class space    used 14571K, capacity 15679K, committed 15744K, reserved 1048576K
}
Event: 3689.185 GC heap before
{Heap before GC invocations=114 (full 0):
 garbage-first heap   total 231424K, used 133815K [0x0000000080000000, 0x0000000100000000)
  region size 1024K, 11 young (11264K), 1 survivors (1024K)
 Metaspace       used 118021K, capacity 121157K, committed 121472K, reserved 1155072K
  class space    used 14572K, capacity 15679K, committed 15744K, reserved 1048576K
}
Event: 3689.217 GC heap after
{Heap after GC invocations=115 (full 0):
 garbage-first heap   total 231424K, used 122618K [0x0000000080000000, 0x0000000100000000)
  region size 1024K, 1 young (1024K), 1 survivors (1024K)
 Metaspace       used 118021K, capacity 121157K, committed 121472K, reserved 1155072K
  class space    used 14572K, capacity 15679K, committed 15744K, reserved 1048576K
}
Event: 3693.386 GC heap before
{Heap before GC invocations=115 (full 0):
 garbage-first heap   total 231424K, used 166650K [0x0000000080000000, 0x0000000100000000)
  region size 1024K, 45 young (46080K), 1 survivors (1024K)
 Metaspace       used 119565K, capacity 122690K, committed 122880K, reserved 1157120K
  class space    used 14723K, capacity 15823K, committed 15872K, reserved 1048576K
}
Event: 3693.401 GC heap after
{Heap after GC invocations=116 (full 0):
 garbage-first heap   total 231424K, used 123655K [0x0000000080000000, 0x0000000100000000)
  region size 1024K, 2 young (2048K), 2 survivors (2048K)
 Metaspace       used 119565K, capacity 122690K, committed 122880K, reserved 1157120K
  class space    used 14723K, capacity 15823K, committed 15872K, reserved 1048576K
}
Event: 3704.338 GC heap before
{Heap before GC invocations=117 (full 0):
 garbage-first heap   total 231424K, used 168711K [0x0000000080000000, 0x0000000100000000)
  region size 1024K, 49 young (50176K), 2 survivors (2048K)
 Metaspace       used 120111K, capacity 123278K, committed 123392K, reserved 1157120K
  class space    used 14753K, capacity 15869K, committed 15872K, reserved 1048576K
}
Event: 3704.356 GC heap after
{Heap after GC invocations=118 (full 0):
 garbage-first heap   total 231424K, used 122288K [0x0000000080000000, 0x0000000100000000)
  region size 1024K, 2 young (2048K), 2 survivors (2048K)
 Metaspace       used 120111K, capacity 123278K, committed 123392K, reserved 1157120K
  class space    used 14753K, capacity 15869K, committed 15872K, reserved 1048576K
}
Event: 3705.178 GC heap before
{Heap before GC invocations=118 (full 0):
 garbage-first heap   total 231424K, used 130480K [0x0000000080000000, 0x0000000100000000)
  region size 1024K, 11 young (11264K), 2 survivors (2048K)
 Metaspace       used 120145K, capacity 123288K, committed 123392K, reserved 1157120K
  class space    used 14753K, capacity 15869K, committed 15872K, reserved 1048576K
}
Event: 3705.220 GC heap after
{Heap after GC invocations=119 (full 0):
 garbage-first heap   total 231424K, used 109235K [0x0000000080000000, 0x0000000100000000)
  region size 1024K, 1 young (1024K), 1 survivors (1024K)
 Metaspace       used 120145K, capacity 123288K, committed 123392K, reserved 1157120K
  class space    used 14753K, capacity 15869K, committed 15872K, reserved 1048576K
}
Event: 3709.385 GC heap before
{Heap before GC invocations=119 (full 0):
 garbage-first heap   total 231424K, used 167603K [0x0000000080000000, 0x0000000100000000)
  region size 1024K, 58 young (59392K), 1 survivors (1024K)
 Metaspace       used 121742K, capacity 124923K, committed 125184K, reserved 1159168K
  class space    used 14960K, capacity 16078K, committed 16128K, reserved 1048576K
}
Event: 3709.409 GC heap after
{Heap after GC invocations=120 (full 0):
 garbage-first heap   total 231424K, used 110494K [0x0000000080000000, 0x0000000100000000)
  region size 1024K, 3 young (3072K), 3 survivors (3072K)
 Metaspace       used 121742K, capacity 124923K, committed 125184K, reserved 1159168K
  class space    used 14960K, capacity 16078K, committed 16128K, reserved 1048576K
}

Deoptimization events (20 events):
Event: 3708.549 Thread 0x0000015c40e27800 Uncommon trap: trap_request=0xffffff4d fr.pc=0x0000015c3021fae8 relative=0x00000000000000a8
Event: 3708.549 Thread 0x0000015c40e27800 Uncommon trap: reason=unstable_if action=reinterpret pc=0x0000015c3021fae8 method=com.google.gson.stream.JsonReader.peek()Lcom/google/gson/stream/JsonToken; @ 15 c2
Event: 3708.549 Thread 0x0000015c40e27800 DEOPT PACKING pc=0x0000015c3021fae8 sp=0x0000002beeffd930
Event: 3708.554 Thread 0x0000015c40e27800 DEOPT UNPACKING pc=0x0000015c28196ca9 sp=0x0000002beeffd8b8 mode 2
Event: 3708.558 Thread 0x0000015c40e27800 Uncommon trap: trap_request=0xffffff4d fr.pc=0x0000015c3021f304 relative=0x00000000000000c4
Event: 3708.558 Thread 0x0000015c40e27800 Uncommon trap: reason=unstable_if action=reinterpret pc=0x0000015c3021f304 method=com.google.gson.stream.JsonReader.nextString()Ljava/lang/String; @ 6 c2
Event: 3708.558 Thread 0x0000015c40e27800 DEOPT PACKING pc=0x0000015c3021f304 sp=0x0000002beeffd8a0
Event: 3708.558 Thread 0x0000015c40e27800 DEOPT UNPACKING pc=0x0000015c28196ca9 sp=0x0000002beeffd830 mode 2
Event: 3708.559 Thread 0x0000015c439c1800 Uncommon trap: trap_request=0xffffff4d fr.pc=0x0000015c307c3958 relative=0x0000000000000fb8
Event: 3708.559 Thread 0x0000015c439c1800 Uncommon trap: reason=unstable_if action=reinterpret pc=0x0000015c307c3958 method=java.nio.file.FileTreeWalker.visit(Ljava/nio/file/Path;ZZ)Ljava/nio/file/FileTreeWalker$Event; @ 84 c2
Event: 3708.559 Thread 0x0000015c439c1800 DEOPT PACKING pc=0x0000015c307c3958 sp=0x0000002beebfcdf0
Event: 3708.559 Thread 0x0000015c439c1800 DEOPT UNPACKING pc=0x0000015c28196ca9 sp=0x0000002beebfcda0 mode 2
Event: 3708.988 Thread 0x0000015c40e27800 Uncommon trap: trap_request=0xffffff4d fr.pc=0x0000015c309196bc relative=0x000000000000009c
Event: 3708.988 Thread 0x0000015c40e27800 Uncommon trap: reason=unstable_if action=reinterpret pc=0x0000015c309196bc method=kotlin.collections.CollectionsKt___CollectionsKt.toList(Ljava/lang/Iterable;)Ljava/util/List; @ 11 c2
Event: 3708.988 Thread 0x0000015c40e27800 DEOPT PACKING pc=0x0000015c309196bc sp=0x0000002beeffa440
Event: 3708.988 Thread 0x0000015c40e27800 DEOPT UNPACKING pc=0x0000015c28196ca9 sp=0x0000002beeffa400 mode 2
Event: 3709.008 Thread 0x0000015c40e27800 Uncommon trap: trap_request=0xffffff4d fr.pc=0x0000015c306b8018 relative=0x0000000000000918
Event: 3709.008 Thread 0x0000015c40e27800 Uncommon trap: reason=unstable_if action=reinterpret pc=0x0000015c306b8018 method=java.util.jar.JarFile.getVersionedEntry(Ljava/lang/String;Ljava/util/jar/JarEntry;)Ljava/util/jar/JarEntry; @ 7 c2
Event: 3709.008 Thread 0x0000015c40e27800 DEOPT PACKING pc=0x0000015c306b8018 sp=0x0000002beeff9e60
Event: 3709.008 Thread 0x0000015c40e27800 DEOPT UNPACKING pc=0x0000015c28196ca9 sp=0x0000002beeff9e40 mode 2

Classes redefined (0 events):
No events

Internal exceptions (20 events):
Event: 3672.139 Thread 0x0000015c439bd000 Exception <a 'java/lang/NoSuchMethodError'{0x000000008ca76388}: <clinit>> (0x000000008ca76388) thrown at [./src/hotspot/share/prims/jni.cpp, line 1362]
Event: 3672.142 Thread 0x0000015c439bd000 Exception <a 'java/lang/NoSuchMethodError'{0x000000008ca8fb98}: <clinit>> (0x000000008ca8fb98) thrown at [./src/hotspot/share/prims/jni.cpp, line 1362]
Event: 3680.535 Thread 0x0000015c439bd000 Implicit null exception at 0x0000015c30810e5e to 0x0000015c30816750
Event: 3680.948 Thread 0x0000015c439bd000 Exception <a 'java/lang/NoSuchMethodError'{0x000000008e19cf10}: <clinit>> (0x000000008e19cf10) thrown at [./src/hotspot/share/prims/jni.cpp, line 1362]
Event: 3693.026 Thread 0x0000015c439bd000 Exception <a 'sun/nio/fs/WindowsException'{0x000000008b8e1788}> (0x000000008b8e1788) thrown at [./src/hotspot/share/prims/jni.cpp, line 615]
Event: 3693.041 Thread 0x0000015c439bd000 Exception <a 'sun/nio/fs/WindowsException'{0x000000008b7025e0}> (0x000000008b7025e0) thrown at [./src/hotspot/share/prims/jni.cpp, line 615]
Event: 3693.181 Thread 0x0000015c439bd000 Exception <a 'sun/nio/fs/WindowsException'{0x000000008b7090d0}> (0x000000008b7090d0) thrown at [./src/hotspot/share/prims/jni.cpp, line 615]
Event: 3700.048 Thread 0x0000015c439bd000 Exception <a 'java/lang/NoSuchMethodError'{0x000000008cd68e78}: 'void java.lang.invoke.DirectMethodHandle$Holder.invokeStatic(java.lang.Object, long)'> (0x000000008cd68e78) thrown at [./src/hotspot/share/interpreter/linkResolver.cpp, line 773]
Event: 3700.055 Thread 0x0000015c439bd000 Exception <a 'java/lang/NoSuchMethodError'{0x000000008cd6f878}: 'java.lang.Object java.lang.invoke.DirectMethodHandle$Holder.invokeStatic(java.lang.Object, long)'> (0x000000008cd6f878) thrown at [./src/hotspot/share/interpreter/linkResolver.cpp, line 773]
Event: 3700.068 Thread 0x0000015c439bd000 Exception <a 'java/lang/NoSuchMethodError'{0x000000008cd7f120}: 'java.lang.Object java.lang.invoke.DirectMethodHandle$Holder.invokeStaticInit(java.lang.Object, java.lang.Object, long, java.lang.Object)'> (0x000000008cd7f120) thrown at [./src/hotspot/share/interpreter/linkResolver.cpp, line 773]
Event: 3700.070 Thread 0x0000015c439bd000 Exception <a 'java/lang/NoSuchMethodError'{0x000000008cd867f8}: 'java.lang.Object java.lang.invoke.DirectMethodHandle$Holder.invokeStatic(java.lang.Object, java.lang.Object, long)'> (0x000000008cd867f8) thrown at [./src/hotspot/share/interpreter/linkResolver.cpp, line 773]
Event: 3700.071 Thread 0x0000015c439bd000 Exception <a 'java/lang/NoSuchMethodError'{0x000000008cd8e2b0}: 'java.lang.Object java.lang.invoke.Invokers$Holder.linkToTargetMethod(java.lang.Object, long, java.lang.Object)'> (0x000000008cd8e2b0) thrown at [./src/hotspot/share/interpreter/linkResolver.cpp, line 773]
Event: 3708.344 Thread 0x0000015c439bd000 Exception <a 'java/lang/NoSuchMethodError'{0x000000008c11b028}: <clinit>> (0x000000008c11b028) thrown at [./src/hotspot/share/prims/jni.cpp, line 1362]
Event: 3708.344 Thread 0x0000015c439bd000 Exception <a 'java/lang/NoSuchMethodError'{0x000000008c11cde8}: <clinit>> (0x000000008c11cde8) thrown at [./src/hotspot/share/prims/jni.cpp, line 1362]
Event: 3708.344 Thread 0x0000015c439bd000 Exception <a 'java/lang/NoSuchMethodError'{0x000000008c11fd40}: <clinit>> (0x000000008c11fd40) thrown at [./src/hotspot/share/prims/jni.cpp, line 1362]
Event: 3708.347 Thread 0x0000015c439bd000 Exception <a 'java/lang/NoSuchMethodError'{0x000000008c145db8}: <clinit>> (0x000000008c145db8) thrown at [./src/hotspot/share/prims/jni.cpp, line 1362]
Event: 3708.348 Thread 0x0000015c439bd000 Exception <a 'java/lang/NoSuchMethodError'{0x000000008c147a90}: <clinit>> (0x000000008c147a90) thrown at [./src/hotspot/share/prims/jni.cpp, line 1362]
Event: 3708.434 Thread 0x0000015c439bd000 Exception <a 'java/lang/NoSuchMethodError'{0x000000008c0bfca0}: <clinit>> (0x000000008c0bfca0) thrown at [./src/hotspot/share/prims/jni.cpp, line 1362]
Event: 3708.441 Thread 0x0000015c439bd000 Exception <a 'java/lang/NoSuchMethodError'{0x000000008c0fb4e8}: <clinit>> (0x000000008c0fb4e8) thrown at [./src/hotspot/share/prims/jni.cpp, line 1362]
Event: 3708.446 Thread 0x0000015c439bd000 Exception <a 'java/lang/NoSuchMethodError'{0x000000008bf14da8}: <clinit>> (0x000000008bf14da8) thrown at [./src/hotspot/share/prims/jni.cpp, line 1362]

Events (20 events):
Event: 3709.481 loading class kotlin/reflect/jvm/internal/impl/protobuf/GeneratedMessageLite$GeneratedExtension
Event: 3709.481 loading class kotlin/reflect/jvm/internal/impl/protobuf/GeneratedMessageLite$GeneratedExtension done
Event: 3709.484 loading class kotlin/reflect/jvm/internal/impl/protobuf/GeneratedMessageLite$ExtensionDescriptor
Event: 3709.484 loading class kotlin/reflect/jvm/internal/impl/protobuf/GeneratedMessageLite$ExtensionDescriptor done
Event: 3709.486 loading class kotlin/reflect/jvm/internal/impl/protobuf/Internal$EnumLite
Event: 3709.486 loading class kotlin/reflect/jvm/internal/impl/protobuf/Internal$EnumLite done
Event: 3709.487 loading class kotlin/reflect/jvm/internal/impl/metadata/ProtoBuf$Function
Event: 3709.487 loading class kotlin/reflect/jvm/internal/impl/metadata/ProtoBuf$Function done
Event: 3709.488 loading class kotlin/reflect/jvm/internal/impl/metadata/ProtoBuf$FunctionOrBuilder
Event: 3709.488 loading class kotlin/reflect/jvm/internal/impl/metadata/ProtoBuf$FunctionOrBuilder done
Event: 3709.491 loading class kotlin/reflect/jvm/internal/impl/metadata/ProtoBuf$Function$1
Event: 3709.491 loading class kotlin/reflect/jvm/internal/impl/metadata/ProtoBuf$Function$1 done
Event: 3709.508 loading class kotlin/reflect/jvm/internal/impl/metadata/ProtoBuf$Type
Event: 3709.508 loading class kotlin/reflect/jvm/internal/impl/metadata/ProtoBuf$Type done
Event: 3709.678 loading class kotlin/reflect/jvm/internal/impl/metadata/ProtoBuf$TypeOrBuilder
Event: 3709.678 loading class kotlin/reflect/jvm/internal/impl/metadata/ProtoBuf$TypeOrBuilder done
Event: 3709.681 loading class kotlin/reflect/jvm/internal/impl/metadata/ProtoBuf$Type$1
Event: 3709.681 loading class kotlin/reflect/jvm/internal/impl/metadata/ProtoBuf$Type$1 done
Event: 3709.683 loading class kotlin/reflect/jvm/internal/impl/metadata/ProtoBuf$TypeTable
Event: 3709.683 loading class kotlin/reflect/jvm/internal/impl/metadata/ProtoBuf$TypeTable done


Dynamic libraries:
0x00007ff725300000 - 0x00007ff72530a000 	C:\Program Files\Android\Android Studio1\jre\bin\java.exe
0x00007fff7d7d0000 - 0x00007fff7d9c5000 	C:\WINDOWS\SYSTEM32\ntdll.dll
0x00007fff7c880000 - 0x00007fff7c93e000 	C:\WINDOWS\System32\KERNEL32.DLL
0x00007fff7b0e0000 - 0x00007fff7b3a9000 	C:\WINDOWS\System32\KERNELBASE.dll
0x00007fff7b600000 - 0x00007fff7b700000 	C:\WINDOWS\System32\ucrtbase.dll
0x00007fff72e00000 - 0x00007fff72e19000 	C:\Program Files\Android\Android Studio1\jre\bin\jli.dll
0x00007fff729d0000 - 0x00007fff729e7000 	C:\Program Files\Android\Android Studio1\jre\bin\VCRUNTIME140.dll
0x00007fff7c6d0000 - 0x00007fff7c871000 	C:\WINDOWS\System32\USER32.dll
0x00007fff7b700000 - 0x00007fff7b722000 	C:\WINDOWS\System32\win32u.dll
0x00007fff7bd40000 - 0x00007fff7bd6b000 	C:\WINDOWS\System32\GDI32.dll
0x00007fff7afa0000 - 0x00007fff7b0ab000 	C:\WINDOWS\System32\gdi32full.dll
0x00007fff7b510000 - 0x00007fff7b5ad000 	C:\WINDOWS\System32\msvcp_win.dll
0x00007fff68d70000 - 0x00007fff6900a000 	C:\WINDOWS\WinSxS\amd64_microsoft.windows.common-controls_6595b64144ccf1df_6.0.19041.1110_none_60b5254171f9507e\COMCTL32.dll
0x00007fff7d360000 - 0x00007fff7d3fe000 	C:\WINDOWS\System32\msvcrt.dll
0x00007fff7d400000 - 0x00007fff7d430000 	C:\WINDOWS\System32\IMM32.DLL
0x00007fff54850000 - 0x00007fff548ed000 	C:\Program Files\Android\Android Studio1\jre\bin\msvcp140.dll
0x00007fff300f0000 - 0x00007fff30bbf000 	C:\Program Files\Android\Android Studio1\jre\bin\server\jvm.dll
0x00007fff7d010000 - 0x00007fff7d0bc000 	C:\WINDOWS\System32\ADVAPI32.dll
0x00007fff7d0c0000 - 0x00007fff7d15b000 	C:\WINDOWS\System32\sechost.dll
0x00007fff7bd70000 - 0x00007fff7be9a000 	C:\WINDOWS\System32\RPCRT4.dll
0x00007fff7d350000 - 0x00007fff7d358000 	C:\WINDOWS\System32\PSAPI.DLL
0x00007fff5f850000 - 0x00007fff5f877000 	C:\WINDOWS\SYSTEM32\WINMM.dll
0x00007fff66d20000 - 0x00007fff66d2a000 	C:\WINDOWS\SYSTEM32\VERSION.dll
0x00007fff66a60000 - 0x00007fff66a69000 	C:\WINDOWS\SYSTEM32\WSOCK32.dll
0x00007fff7d430000 - 0x00007fff7d49b000 	C:\WINDOWS\System32\WS2_32.dll
0x00007fff797c0000 - 0x00007fff797d2000 	C:\WINDOWS\SYSTEM32\kernel.appcore.dll
0x00007fff4cda0000 - 0x00007fff4cdb1000 	C:\Program Files\Android\Android Studio1\jre\bin\verify.dll
0x00007fff794a0000 - 0x00007fff79684000 	C:\WINDOWS\SYSTEM32\DBGHELP.DLL
0x00007fff62160000 - 0x00007fff6218c000 	C:\WINDOWS\SYSTEM32\dbgcore.DLL
0x00007fff7b730000 - 0x00007fff7b7b3000 	C:\WINDOWS\System32\bcryptPrimitives.dll
0x00007fff4cb70000 - 0x00007fff4cb99000 	C:\Program Files\Android\Android Studio1\jre\bin\java.dll
0x00007fff65530000 - 0x00007fff6553b000 	C:\Program Files\Android\Android Studio1\jre\bin\jimage.dll
0x00007fff4cd80000 - 0x00007fff4cd98000 	C:\Program Files\Android\Android Studio1\jre\bin\zip.dll
0x00007fff7bf90000 - 0x00007fff7c6cf000 	C:\WINDOWS\System32\SHELL32.dll
0x00007fff78c40000 - 0x00007fff793d0000 	C:\WINDOWS\SYSTEM32\windows.storage.dll
0x00007fff7b880000 - 0x00007fff7bbd5000 	C:\WINDOWS\System32\combase.dll
0x00007fff7a870000 - 0x00007fff7a89c000 	C:\WINDOWS\SYSTEM32\Wldp.dll
0x00007fff7d4a0000 - 0x00007fff7d54d000 	C:\WINDOWS\System32\SHCORE.dll
0x00007fff7d2f0000 - 0x00007fff7d345000 	C:\WINDOWS\System32\shlwapi.dll
0x00007fff7ae30000 - 0x00007fff7ae4f000 	C:\WINDOWS\SYSTEM32\profapi.dll
0x00007fff40520000 - 0x00007fff4053a000 	C:\Program Files\Android\Android Studio1\jre\bin\net.dll
0x00007fff687d0000 - 0x00007fff688d8000 	C:\WINDOWS\SYSTEM32\WINHTTP.dll
0x00007fff7a5d0000 - 0x00007fff7a63a000 	C:\WINDOWS\system32\mswsock.dll
0x00007fff404e0000 - 0x00007fff404f4000 	C:\Program Files\Android\Android Studio1\jre\bin\nio.dll
0x00007fff683d0000 - 0x00007fff683f7000 	C:\Users\antho\.gradle\native\8bec1ad78214c89d9ad589b4d07fe93259594b29d510b10fafb7a158f7737e5d\windows-amd64\native-platform.dll
0x00007fff548f0000 - 0x00007fff54a2d000 	C:\Users\antho\.gradle\native\53dbd7edfb1c66fb8903c78663c9afc45aea4f116125fa6feffd364cf09443e8\windows-amd64\native-platform-file-events.dll
0x00007fff625f0000 - 0x00007fff625fa000 	C:\Program Files\Android\Android Studio1\jre\bin\management.dll
0x00007fff5d010000 - 0x00007fff5d01c000 	C:\Program Files\Android\Android Studio1\jre\bin\management_ext.dll
0x00007fff7a7d0000 - 0x00007fff7a7e8000 	C:\WINDOWS\SYSTEM32\CRYPTSP.dll
0x00007fff79f50000 - 0x00007fff79f84000 	C:\WINDOWS\system32\rsaenh.dll
0x00007fff7b0b0000 - 0x00007fff7b0d7000 	C:\WINDOWS\System32\bcrypt.dll
0x00007fff7adb0000 - 0x00007fff7adde000 	C:\WINDOWS\SYSTEM32\USERENV.dll
0x00007fff7a7c0000 - 0x00007fff7a7cc000 	C:\WINDOWS\SYSTEM32\CRYPTBASE.dll
0x00007fff7a2c0000 - 0x00007fff7a2fb000 	C:\WINDOWS\SYSTEM32\IPHLPAPI.DLL
0x00007fff7ced0000 - 0x00007fff7ced8000 	C:\WINDOWS\System32\NSI.dll
0x00007fff6a560000 - 0x00007fff6a577000 	C:\WINDOWS\SYSTEM32\dhcpcsvc6.DLL
0x00007fff6ab50000 - 0x00007fff6ab6d000 	C:\WINDOWS\SYSTEM32\dhcpcsvc.DLL
0x00007fff7a300000 - 0x00007fff7a3cc000 	C:\WINDOWS\SYSTEM32\DNSAPI.dll
0x00007fff4cef0000 - 0x00007fff4cf17000 	C:\Program Files\Android\Android Studio1\jre\bin\sunec.dll
0x0000000065040000 - 0x0000000065075000 	C:\Program Files\Bonjour\mdnsNSP.dll
0x00007fff67d90000 - 0x00007fff67d9a000 	C:\Windows\System32\rasadhlp.dll
0x00007fff68c10000 - 0x00007fff68c8f000 	C:\WINDOWS\System32\fwpuclnt.dll
0x00007fff79c20000 - 0x00007fff79c53000 	C:\WINDOWS\SYSTEM32\ntmarta.dll

dbghelp: loaded successfully - version: 4.0.5 - missing functions: none
symbol engine: initialized successfully - sym options: 0x614 - pdb path: .;C:\Program Files\Android\Android Studio1\jre\bin;C:\WINDOWS\SYSTEM32;C:\WINDOWS\WinSxS\amd64_microsoft.windows.common-controls_6595b64144ccf1df_6.0.19041.1110_none_60b5254171f9507e;C:\Program Files\Android\Android Studio1\jre\bin\server;C:\Users\antho\.gradle\native\8bec1ad78214c89d9ad589b4d07fe93259594b29d510b10fafb7a158f7737e5d\windows-amd64;C:\Users\antho\.gradle\native\53dbd7edfb1c66fb8903c78663c9afc45aea4f116125fa6feffd364cf09443e8\windows-amd64;C:\Program Files\Bonjour

VM Arguments:
jvm_args: --add-opens=java.base/java.util=ALL-UNNAMED --add-opens=java.base/java.lang=ALL-UNNAMED --add-opens=java.base/java.lang.invoke=ALL-UNNAMED --add-opens=java.base/java.util=ALL-UNNAMED --add-opens=java.prefs/java.util.prefs=ALL-UNNAMED --add-opens=java.prefs/java.util.prefs=ALL-UNNAMED --add-opens=java.base/java.nio.charset=ALL-UNNAMED --add-opens=java.base/java.net=ALL-UNNAMED --add-opens=java.base/java.util.concurrent.atomic=ALL-UNNAMED -Xmx2048m -Dfile.encoding=UTF-8 -Duser.country=US -Duser.language=en -Duser.variant 
java_command: org.gradle.launcher.daemon.bootstrap.GradleDaemon 7.0.2
java_class_path (initial): C:\Users\antho\.gradle\wrapper\dists\gradle-7.0.2-bin\857tjihv64xamwrf0h14cai3r\gradle-7.0.2\lib\gradle-launcher-7.0.2.jar
Launcher Type: SUN_STANDARD

[Global flags]
     intx CICompilerCount                          = 2                                         {product} {ergonomic}
     uint ConcGCThreads                            = 1                                         {product} {ergonomic}
     uint G1ConcRefinementThreads                  = 2                                         {product} {ergonomic}
   size_t G1HeapRegionSize                         = 1048576                                   {product} {ergonomic}
    uintx GCDrainStackTargetSize                   = 64                                        {product} {ergonomic}
   size_t InitialHeapSize                          = 65011712                                  {product} {ergonomic}
   size_t MarkStackSize                            = 4194304                                   {product} {ergonomic}
   size_t MaxHeapSize                              = 2147483648                                {product} {command line}
   size_t MaxNewSize                               = 1287651328                                {product} {ergonomic}
   size_t MinHeapDeltaBytes                        = 1048576                                   {product} {ergonomic}
    uintx NonNMethodCodeHeapSize                   = 5825164                                {pd product} {ergonomic}
    uintx NonProfiledCodeHeapSize                  = 122916538                              {pd product} {ergonomic}
    uintx ProfiledCodeHeapSize                     = 122916538                              {pd product} {ergonomic}
    uintx ReservedCodeCacheSize                    = 251658240                              {pd product} {ergonomic}
     bool SegmentedCodeCache                       = true                                      {product} {ergonomic}
     bool UseCompressedClassPointers               = true                                 {lp64_product} {ergonomic}
     bool UseCompressedOops                        = true                                 {lp64_product} {ergonomic}
     bool UseG1GC                                  = true                                      {product} {ergonomic}
     bool UseLargePagesIndividualAllocation        = false                                  {pd product} {ergonomic}

Logging:
Log output configuration:
 #0: stdout all=warning uptime,level,tags
 #1: stderr all=off uptime,level,tags

Environment Variables:
PATH=C:\Program Files (x86)\Common Files\Oracle\Java\javapath;C:\WINDOWS\system32;C:\WINDOWS;C:\WINDOWS\System32\Wbem;C:\WINDOWS\System32\WindowsPowerShell\v1.0\;C:\WINDOWS\System32\OpenSSH\;C:\Program Files\Git\cmd;C:\Users\antho\AppData\Local\Microsoft\WindowsApps;C:\Users\antho\AppData\Local\Programs\Microsoft VS Code\bin
USERNAME=antho
OS=Windows_NT
PROCESSOR_IDENTIFIER=Intel64 Family 6 Model 122 Stepping 1, GenuineIntel



---------------  S Y S T E M  ---------------

OS: Windows 10 , 64 bit Build 19041 (10.0.19041.1202)
OS uptime: 3 days 14:09 hours

CPU:total 2 (initial active 2) (2 cores per cpu, 1 threads per core) family 6 model 122 stepping 1 microcode 0x2e, cmov, cx8, fxsr, mmx, sse, sse2, sse3, ssse3, sse4.1, sse4.2, popcnt, aes, clmul, erms, 3dnowpref, tsc, tscinvbit, sha

Memory: 4k page, system-wide physical 3917M (293M free)
TotalPageFile size 10271M (AvailPageFile size 1919M)
current process WorkingSet (physical memory assigned to process): 410M, peak: 439M
current process commit charge ("private bytes"): 565M, peak: 565M

vm_info: OpenJDK 64-Bit Server VM (11.0.10+0-b96-7249189) for windows-amd64 JRE (11.0.10+0-b96-7249189), built on Mar 31 2021 21:44:00 by "builder" with MS VC++ 14.0 (VS2015)

END.
